07-Sep-2020 10:55:17.941 信息 [main] org.apache.catalina.startup.VersionLoggerListener.log Server.服务器版本: Apache Tomcat/9.0.37
07-Sep-2020 10:55:17.944 信息 [main] org.apache.catalina.startup.VersionLoggerListener.log 服务器构建:        Jun 30 2020 20:09:49 UTC
07-Sep-2020 10:55:17.944 信息 [main] org.apache.catalina.startup.VersionLoggerListener.log 服务器版本号(:     9.0.37.0
07-Sep-2020 10:55:17.944 信息 [main] org.apache.catalina.startup.VersionLoggerListener.log 操作系统名称:      Mac OS X
07-Sep-2020 10:55:17.944 信息 [main] org.apache.catalina.startup.VersionLoggerListener.log OS.版本:           10.15.6
07-Sep-2020 10:55:17.944 信息 [main] org.apache.catalina.startup.VersionLoggerListener.log 架构:              x86_64
07-Sep-2020 10:55:17.944 信息 [main] org.apache.catalina.startup.VersionLoggerListener.log Java 环境变量:     /Library/Java/JavaVirtualMachines/jdk-14.0.2.jdk/Contents/Home
07-Sep-2020 10:55:17.945 信息 [main] org.apache.catalina.startup.VersionLoggerListener.log Java虚拟机版本:    14.0.2+12-46
07-Sep-2020 10:55:17.945 信息 [main] org.apache.catalina.startup.VersionLoggerListener.log JVM.供应商:        Oracle Corporation
07-Sep-2020 10:55:17.945 信息 [main] org.apache.catalina.startup.VersionLoggerListener.log CATALINA_BASE:     /Users/mhc/work/javaLib/Tomcat/servlet
07-Sep-2020 10:55:17.945 信息 [main] org.apache.catalina.startup.VersionLoggerListener.log CATALINA_HOME:     /Users/mhc/work/javaLib/Tomcat/servlet
07-Sep-2020 10:55:17.955 信息 [main] org.apache.catalina.startup.VersionLoggerListener.log 命令行参数：--add-opens=java.base/java.lang=ALL-UNNAMED
07-Sep-2020 10:55:17.955 信息 [main] org.apache.catalina.startup.VersionLoggerListener.log 命令行参数：--add-opens=java.base/java.io=ALL-UNNAMED
07-Sep-2020 10:55:17.955 信息 [main] org.apache.catalina.startup.VersionLoggerListener.log 命令行参数：--add-opens=java.rmi/sun.rmi.transport=ALL-UNNAMED
07-Sep-2020 10:55:17.955 信息 [main] org.apache.catalina.startup.VersionLoggerListener.log 命令行参数：-Djava.util.logging.config.file=/Users/mhc/work/javaLib/Tomcat/servlet/conf/logging.properties
07-Sep-2020 10:55:17.955 信息 [main] org.apache.catalina.startup.VersionLoggerListener.log 命令行参数：-Djava.util.logging.manager=org.apache.juli.ClassLoaderLogManager
07-Sep-2020 10:55:17.955 信息 [main] org.apache.catalina.startup.VersionLoggerListener.log 命令行参数：-Djdk.tls.ephemeralDHKeySize=2048
07-Sep-2020 10:55:17.956 信息 [main] org.apache.catalina.startup.VersionLoggerListener.log 命令行参数：-Djava.protocol.handler.pkgs=org.apache.catalina.webresources
07-Sep-2020 10:55:17.956 信息 [main] org.apache.catalina.startup.VersionLoggerListener.log 命令行参数：-Dorg.apache.catalina.security.SecurityListener.UMASK=0027
07-Sep-2020 10:55:17.956 信息 [main] org.apache.catalina.startup.VersionLoggerListener.log 命令行参数：-Dignore.endorsed.dirs=
07-Sep-2020 10:55:17.956 信息 [main] org.apache.catalina.startup.VersionLoggerListener.log 命令行参数：-Dcatalina.base=/Users/mhc/work/javaLib/Tomcat/servlet
07-Sep-2020 10:55:17.956 信息 [main] org.apache.catalina.startup.VersionLoggerListener.log 命令行参数：-Dcatalina.home=/Users/mhc/work/javaLib/Tomcat/servlet
07-Sep-2020 10:55:17.956 信息 [main] org.apache.catalina.startup.VersionLoggerListener.log 命令行参数：-Djava.io.tmpdir=/Users/mhc/work/javaLib/Tomcat/servlet/temp
07-Sep-2020 10:55:17.956 信息 [main] org.apache.catalina.core.AprLifecycleListener.lifecycleEvent 在java.library.path:[/Users/mhc/Library/Java/Extensions:/Library/Java/Extensions:/Network/Library/Java/Extensions:/System/Library/Java/Extensions:/usr/lib/java:.]上找不到基于APR的Apache Tomcat本机库，该库允许在生产环境中获得最佳性能
07-Sep-2020 10:55:18.186 信息 [main] org.apache.coyote.AbstractProtocol.init 初始化协议处理器 ["http-nio-8080"]
07-Sep-2020 10:55:18.223 信息 [main] org.apache.catalina.startup.Catalina.load 服务器在[459]毫秒内初始化
07-Sep-2020 10:55:18.263 信息 [main] org.apache.catalina.core.StandardService.startInternal 正在启动服务[Catalina]
07-Sep-2020 10:55:18.263 信息 [main] org.apache.catalina.core.StandardEngine.startInternal 正在启动 Servlet 引擎：[Apache Tomcat/9.0.37]
07-Sep-2020 10:55:18.271 信息 [main] org.apache.catalina.startup.HostConfig.deployDirectory 把web 应用程序部署到目录 [/Users/mhc/work/javaLib/Tomcat/servlet/webapps/docs]
07-Sep-2020 10:55:18.585 信息 [main] org.apache.catalina.startup.HostConfig.deployDirectory Web应用程序目录[/Users/mhc/work/javaLib/Tomcat/servlet/webapps/docs]的部署已在[313]毫秒内完成
07-Sep-2020 10:55:18.586 信息 [main] org.apache.catalina.startup.HostConfig.deployDirectory 把web 应用程序部署到目录 [/Users/mhc/work/javaLib/Tomcat/servlet/webapps/manager]
07-Sep-2020 10:55:18.620 信息 [main] org.apache.catalina.startup.HostConfig.deployDirectory Web应用程序目录[/Users/mhc/work/javaLib/Tomcat/servlet/webapps/manager]的部署已在[33]毫秒内完成
07-Sep-2020 10:55:18.620 信息 [main] org.apache.catalina.startup.HostConfig.deployDirectory 把web 应用程序部署到目录 [/Users/mhc/work/javaLib/Tomcat/servlet/webapps/examples]
07-Sep-2020 10:55:18.835 信息 [main] org.apache.catalina.startup.HostConfig.deployDirectory Web应用程序目录[/Users/mhc/work/javaLib/Tomcat/servlet/webapps/examples]的部署已在[215]毫秒内完成
07-Sep-2020 10:55:18.836 信息 [main] org.apache.catalina.startup.HostConfig.deployDirectory 把web 应用程序部署到目录 [/Users/mhc/work/javaLib/Tomcat/servlet/webapps/ROOT]
07-Sep-2020 10:55:18.860 信息 [main] org.apache.catalina.startup.HostConfig.deployDirectory Web应用程序目录[/Users/mhc/work/javaLib/Tomcat/servlet/webapps/ROOT]的部署已在[24]毫秒内完成
07-Sep-2020 10:55:18.861 信息 [main] org.apache.catalina.startup.HostConfig.deployDirectory 把web 应用程序部署到目录 [/Users/mhc/work/javaLib/Tomcat/servlet/webapps/host-manager]
07-Sep-2020 10:55:18.879 信息 [main] org.apache.catalina.startup.HostConfig.deployDirectory Web应用程序目录[/Users/mhc/work/javaLib/Tomcat/servlet/webapps/host-manager]的部署已在[18]毫秒内完成
07-Sep-2020 10:55:18.882 信息 [main] org.apache.coyote.AbstractProtocol.start 开始协议处理句柄["http-nio-8080"]
07-Sep-2020 10:55:18.889 信息 [main] org.apache.catalina.startup.Catalina.start [665]毫秒后服务器启动
07-Sep-2020 14:49:39.405 信息 [main] org.apache.catalina.core.StandardServer.await 通过关闭端口接收到有效的关闭命令。正在停止服务器实例。
07-Sep-2020 14:49:39.406 信息 [main] org.apache.coyote.AbstractProtocol.pause 暂停ProtocolHandler["http-nio-8080"]
07-Sep-2020 14:49:39.409 信息 [main] org.apache.catalina.core.StandardService.stopInternal 正在停止服务[Catalina]
07-Sep-2020 14:49:39.429 信息 [main] org.apache.coyote.AbstractProtocol.stop 正在停止ProtocolHandler ["http-nio-8080"]
07-Sep-2020 14:49:39.431 信息 [main] org.apache.coyote.AbstractProtocol.destroy 正在摧毁协议处理器 ["http-nio-8080"]
07-Sep-2020 14:49:43.267 信息 [main] org.apache.catalina.startup.VersionLoggerListener.log Server.服务器版本: Apache Tomcat/9.0.37
07-Sep-2020 14:49:43.270 信息 [main] org.apache.catalina.startup.VersionLoggerListener.log 服务器构建:        Jun 30 2020 20:09:49 UTC
07-Sep-2020 14:49:43.270 信息 [main] org.apache.catalina.startup.VersionLoggerListener.log 服务器版本号(:     9.0.37.0
07-Sep-2020 14:49:43.270 信息 [main] org.apache.catalina.startup.VersionLoggerListener.log 操作系统名称:      Mac OS X
07-Sep-2020 14:49:43.270 信息 [main] org.apache.catalina.startup.VersionLoggerListener.log OS.版本:           10.15.6
07-Sep-2020 14:49:43.270 信息 [main] org.apache.catalina.startup.VersionLoggerListener.log 架构:              x86_64
07-Sep-2020 14:49:43.270 信息 [main] org.apache.catalina.startup.VersionLoggerListener.log Java 环境变量:     /Library/Java/JavaVirtualMachines/jdk-14.0.2.jdk/Contents/Home
07-Sep-2020 14:49:43.271 信息 [main] org.apache.catalina.startup.VersionLoggerListener.log Java虚拟机版本:    14.0.2+12-46
07-Sep-2020 14:49:43.271 信息 [main] org.apache.catalina.startup.VersionLoggerListener.log JVM.供应商:        Oracle Corporation
07-Sep-2020 14:49:43.271 信息 [main] org.apache.catalina.startup.VersionLoggerListener.log CATALINA_BASE:     /Users/mhc/work/javaLib/Tomcat/servlet
07-Sep-2020 14:49:43.271 信息 [main] org.apache.catalina.startup.VersionLoggerListener.log CATALINA_HOME:     /Users/mhc/work/javaLib/Tomcat/servlet
07-Sep-2020 14:49:43.281 信息 [main] org.apache.catalina.startup.VersionLoggerListener.log 命令行参数：--add-opens=java.base/java.lang=ALL-UNNAMED
07-Sep-2020 14:49:43.281 信息 [main] org.apache.catalina.startup.VersionLoggerListener.log 命令行参数：--add-opens=java.base/java.io=ALL-UNNAMED
07-Sep-2020 14:49:43.281 信息 [main] org.apache.catalina.startup.VersionLoggerListener.log 命令行参数：--add-opens=java.rmi/sun.rmi.transport=ALL-UNNAMED
07-Sep-2020 14:49:43.281 信息 [main] org.apache.catalina.startup.VersionLoggerListener.log 命令行参数：-Djava.util.logging.config.file=/Users/mhc/work/javaLib/Tomcat/servlet/conf/logging.properties
07-Sep-2020 14:49:43.281 信息 [main] org.apache.catalina.startup.VersionLoggerListener.log 命令行参数：-Djava.util.logging.manager=org.apache.juli.ClassLoaderLogManager
07-Sep-2020 14:49:43.281 信息 [main] org.apache.catalina.startup.VersionLoggerListener.log 命令行参数：-Djdk.tls.ephemeralDHKeySize=2048
07-Sep-2020 14:49:43.281 信息 [main] org.apache.catalina.startup.VersionLoggerListener.log 命令行参数：-Djava.protocol.handler.pkgs=org.apache.catalina.webresources
07-Sep-2020 14:49:43.282 信息 [main] org.apache.catalina.startup.VersionLoggerListener.log 命令行参数：-Dorg.apache.catalina.security.SecurityListener.UMASK=0027
07-Sep-2020 14:49:43.282 信息 [main] org.apache.catalina.startup.VersionLoggerListener.log 命令行参数：-Dignore.endorsed.dirs=
07-Sep-2020 14:49:43.282 信息 [main] org.apache.catalina.startup.VersionLoggerListener.log 命令行参数：-Dcatalina.base=/Users/mhc/work/javaLib/Tomcat/servlet
07-Sep-2020 14:49:43.282 信息 [main] org.apache.catalina.startup.VersionLoggerListener.log 命令行参数：-Dcatalina.home=/Users/mhc/work/javaLib/Tomcat/servlet
07-Sep-2020 14:49:43.282 信息 [main] org.apache.catalina.startup.VersionLoggerListener.log 命令行参数：-Djava.io.tmpdir=/Users/mhc/work/javaLib/Tomcat/servlet/temp
07-Sep-2020 14:49:43.282 信息 [main] org.apache.catalina.core.AprLifecycleListener.lifecycleEvent 在java.library.path:[/Users/mhc/Library/Java/Extensions:/Library/Java/Extensions:/Network/Library/Java/Extensions:/System/Library/Java/Extensions:/usr/lib/java:.]上找不到基于APR的Apache Tomcat本机库，该库允许在生产环境中获得最佳性能
07-Sep-2020 14:49:43.481 信息 [main] org.apache.coyote.AbstractProtocol.init 初始化协议处理器 ["http-nio-8080"]
07-Sep-2020 14:49:43.515 信息 [main] org.apache.catalina.startup.Catalina.load 服务器在[410]毫秒内初始化
07-Sep-2020 14:49:43.541 信息 [main] org.apache.catalina.core.StandardService.startInternal 正在启动服务[Catalina]
07-Sep-2020 14:49:43.541 信息 [main] org.apache.catalina.core.StandardEngine.startInternal 正在启动 Servlet 引擎：[Apache Tomcat/9.0.37]
07-Sep-2020 14:49:43.546 信息 [main] org.apache.catalina.startup.HostConfig.deployDirectory 把web 应用程序部署到目录 [/Users/mhc/work/javaLib/Tomcat/servlet/webapps/docs]
07-Sep-2020 14:49:43.725 信息 [main] org.apache.catalina.startup.HostConfig.deployDirectory Web应用程序目录[/Users/mhc/work/javaLib/Tomcat/servlet/webapps/docs]的部署已在[177]毫秒内完成
07-Sep-2020 14:49:43.725 信息 [main] org.apache.catalina.startup.HostConfig.deployDirectory 把web 应用程序部署到目录 [/Users/mhc/work/javaLib/Tomcat/servlet/webapps/manager]
07-Sep-2020 14:49:43.752 信息 [main] org.apache.catalina.startup.HostConfig.deployDirectory Web应用程序目录[/Users/mhc/work/javaLib/Tomcat/servlet/webapps/manager]的部署已在[27]毫秒内完成
07-Sep-2020 14:49:43.752 信息 [main] org.apache.catalina.startup.HostConfig.deployDirectory 把web 应用程序部署到目录 [/Users/mhc/work/javaLib/Tomcat/servlet/webapps/examples]
07-Sep-2020 14:49:43.959 信息 [main] org.apache.catalina.startup.HostConfig.deployDirectory Web应用程序目录[/Users/mhc/work/javaLib/Tomcat/servlet/webapps/examples]的部署已在[207]毫秒内完成
07-Sep-2020 14:49:43.959 信息 [main] org.apache.catalina.startup.HostConfig.deployDirectory 把web 应用程序部署到目录 [/Users/mhc/work/javaLib/Tomcat/servlet/webapps/ROOT]
07-Sep-2020 14:49:43.985 信息 [main] org.apache.catalina.startup.HostConfig.deployDirectory Web应用程序目录[/Users/mhc/work/javaLib/Tomcat/servlet/webapps/ROOT]的部署已在[25]毫秒内完成
07-Sep-2020 14:49:43.985 信息 [main] org.apache.catalina.startup.HostConfig.deployDirectory 把web 应用程序部署到目录 [/Users/mhc/work/javaLib/Tomcat/servlet/webapps/host-manager]
07-Sep-2020 14:49:44.000 信息 [main] org.apache.catalina.startup.HostConfig.deployDirectory Web应用程序目录[/Users/mhc/work/javaLib/Tomcat/servlet/webapps/host-manager]的部署已在[15]毫秒内完成
07-Sep-2020 14:49:44.002 信息 [main] org.apache.coyote.AbstractProtocol.start 开始协议处理句柄["http-nio-8080"]
07-Sep-2020 14:49:44.008 信息 [main] org.apache.catalina.startup.Catalina.start [492]毫秒后服务器启动
07-Sep-2020 14:50:36.606 信息 [main] org.apache.catalina.core.StandardServer.await 通过关闭端口接收到有效的关闭命令。正在停止服务器实例。
07-Sep-2020 14:50:36.606 信息 [main] org.apache.coyote.AbstractProtocol.pause 暂停ProtocolHandler["http-nio-8080"]
07-Sep-2020 14:50:36.610 信息 [main] org.apache.catalina.core.StandardService.stopInternal 正在停止服务[Catalina]
07-Sep-2020 14:50:36.625 信息 [main] org.apache.coyote.AbstractProtocol.stop 正在停止ProtocolHandler ["http-nio-8080"]
07-Sep-2020 14:50:36.626 信息 [main] org.apache.coyote.AbstractProtocol.destroy 正在摧毁协议处理器 ["http-nio-8080"]
07-Sep-2020 14:50:42.896 信息 [main] org.apache.catalina.startup.VersionLoggerListener.log Server.服务器版本: Apache Tomcat/9.0.37
07-Sep-2020 14:50:42.899 信息 [main] org.apache.catalina.startup.VersionLoggerListener.log 服务器构建:        Jun 30 2020 20:09:49 UTC
07-Sep-2020 14:50:42.899 信息 [main] org.apache.catalina.startup.VersionLoggerListener.log 服务器版本号(:     9.0.37.0
07-Sep-2020 14:50:42.899 信息 [main] org.apache.catalina.startup.VersionLoggerListener.log 操作系统名称:      Mac OS X
07-Sep-2020 14:50:42.899 信息 [main] org.apache.catalina.startup.VersionLoggerListener.log OS.版本:           10.15.6
07-Sep-2020 14:50:42.899 信息 [main] org.apache.catalina.startup.VersionLoggerListener.log 架构:              x86_64
07-Sep-2020 14:50:42.899 信息 [main] org.apache.catalina.startup.VersionLoggerListener.log Java 环境变量:     /Library/Java/JavaVirtualMachines/jdk-14.0.2.jdk/Contents/Home
07-Sep-2020 14:50:42.899 信息 [main] org.apache.catalina.startup.VersionLoggerListener.log Java虚拟机版本:    14.0.2+12-46
07-Sep-2020 14:50:42.899 信息 [main] org.apache.catalina.startup.VersionLoggerListener.log JVM.供应商:        Oracle Corporation
07-Sep-2020 14:50:42.899 信息 [main] org.apache.catalina.startup.VersionLoggerListener.log CATALINA_BASE:     /Users/mhc/work/javaLib/Tomcat/servlet
07-Sep-2020 14:50:42.900 信息 [main] org.apache.catalina.startup.VersionLoggerListener.log CATALINA_HOME:     /Users/mhc/work/javaLib/Tomcat/servlet
07-Sep-2020 14:50:42.911 信息 [main] org.apache.catalina.startup.VersionLoggerListener.log 命令行参数：--add-opens=java.base/java.lang=ALL-UNNAMED
07-Sep-2020 14:50:42.911 信息 [main] org.apache.catalina.startup.VersionLoggerListener.log 命令行参数：--add-opens=java.base/java.io=ALL-UNNAMED
07-Sep-2020 14:50:42.911 信息 [main] org.apache.catalina.startup.VersionLoggerListener.log 命令行参数：--add-opens=java.rmi/sun.rmi.transport=ALL-UNNAMED
07-Sep-2020 14:50:42.911 信息 [main] org.apache.catalina.startup.VersionLoggerListener.log 命令行参数：-Djava.util.logging.config.file=/Users/mhc/work/javaLib/Tomcat/servlet/conf/logging.properties
07-Sep-2020 14:50:42.911 信息 [main] org.apache.catalina.startup.VersionLoggerListener.log 命令行参数：-Djava.util.logging.manager=org.apache.juli.ClassLoaderLogManager
07-Sep-2020 14:50:42.911 信息 [main] org.apache.catalina.startup.VersionLoggerListener.log 命令行参数：-Djdk.tls.ephemeralDHKeySize=2048
07-Sep-2020 14:50:42.911 信息 [main] org.apache.catalina.startup.VersionLoggerListener.log 命令行参数：-Djava.protocol.handler.pkgs=org.apache.catalina.webresources
07-Sep-2020 14:50:42.911 信息 [main] org.apache.catalina.startup.VersionLoggerListener.log 命令行参数：-Dorg.apache.catalina.security.SecurityListener.UMASK=0027
07-Sep-2020 14:50:42.911 信息 [main] org.apache.catalina.startup.VersionLoggerListener.log 命令行参数：-Dignore.endorsed.dirs=
07-Sep-2020 14:50:42.912 信息 [main] org.apache.catalina.startup.VersionLoggerListener.log 命令行参数：-Dcatalina.base=/Users/mhc/work/javaLib/Tomcat/servlet
07-Sep-2020 14:50:42.912 信息 [main] org.apache.catalina.startup.VersionLoggerListener.log 命令行参数：-Dcatalina.home=/Users/mhc/work/javaLib/Tomcat/servlet
07-Sep-2020 14:50:42.912 信息 [main] org.apache.catalina.startup.VersionLoggerListener.log 命令行参数：-Djava.io.tmpdir=/Users/mhc/work/javaLib/Tomcat/servlet/temp
07-Sep-2020 14:50:42.912 信息 [main] org.apache.catalina.core.AprLifecycleListener.lifecycleEvent 在java.library.path:[/Users/mhc/Library/Java/Extensions:/Library/Java/Extensions:/Network/Library/Java/Extensions:/System/Library/Java/Extensions:/usr/lib/java:.]上找不到基于APR的Apache Tomcat本机库，该库允许在生产环境中获得最佳性能
07-Sep-2020 14:50:43.117 信息 [main] org.apache.coyote.AbstractProtocol.init 初始化协议处理器 ["http-nio-8080"]
07-Sep-2020 14:50:43.149 信息 [main] org.apache.catalina.startup.Catalina.load 服务器在[398]毫秒内初始化
07-Sep-2020 14:50:43.174 信息 [main] org.apache.catalina.core.StandardService.startInternal 正在启动服务[Catalina]
07-Sep-2020 14:50:43.174 信息 [main] org.apache.catalina.core.StandardEngine.startInternal 正在启动 Servlet 引擎：[Apache Tomcat/9.0.37]
07-Sep-2020 14:50:43.180 信息 [main] org.apache.catalina.startup.HostConfig.deployDirectory 把web 应用程序部署到目录 [/Users/mhc/work/javaLib/Tomcat/servlet/webapps/docs]
07-Sep-2020 14:50:43.345 信息 [main] org.apache.catalina.startup.HostConfig.deployDirectory Web应用程序目录[/Users/mhc/work/javaLib/Tomcat/servlet/webapps/docs]的部署已在[165]毫秒内完成
07-Sep-2020 14:50:43.346 信息 [main] org.apache.catalina.startup.HostConfig.deployDirectory 把web 应用程序部署到目录 [/Users/mhc/work/javaLib/Tomcat/servlet/webapps/manager]
07-Sep-2020 14:50:43.371 信息 [main] org.apache.catalina.startup.HostConfig.deployDirectory Web应用程序目录[/Users/mhc/work/javaLib/Tomcat/servlet/webapps/manager]的部署已在[26]毫秒内完成
07-Sep-2020 14:50:43.372 信息 [main] org.apache.catalina.startup.HostConfig.deployDirectory 把web 应用程序部署到目录 [/Users/mhc/work/javaLib/Tomcat/servlet/webapps/examples]
07-Sep-2020 14:50:43.530 信息 [main] org.apache.catalina.startup.HostConfig.deployDirectory Web应用程序目录[/Users/mhc/work/javaLib/Tomcat/servlet/webapps/examples]的部署已在[159]毫秒内完成
07-Sep-2020 14:50:43.530 信息 [main] org.apache.catalina.startup.HostConfig.deployDirectory 把web 应用程序部署到目录 [/Users/mhc/work/javaLib/Tomcat/servlet/webapps/ROOT]
07-Sep-2020 14:50:43.556 信息 [main] org.apache.catalina.startup.HostConfig.deployDirectory Web应用程序目录[/Users/mhc/work/javaLib/Tomcat/servlet/webapps/ROOT]的部署已在[26]毫秒内完成
07-Sep-2020 14:50:43.556 信息 [main] org.apache.catalina.startup.HostConfig.deployDirectory 把web 应用程序部署到目录 [/Users/mhc/work/javaLib/Tomcat/servlet/webapps/host-manager]
07-Sep-2020 14:50:43.570 信息 [main] org.apache.catalina.startup.HostConfig.deployDirectory Web应用程序目录[/Users/mhc/work/javaLib/Tomcat/servlet/webapps/host-manager]的部署已在[14]毫秒内完成
07-Sep-2020 14:50:43.573 信息 [main] org.apache.coyote.AbstractProtocol.start 开始协议处理句柄["http-nio-8080"]
07-Sep-2020 14:50:43.579 信息 [main] org.apache.catalina.startup.Catalina.start [429]毫秒后服务器启动
