04-Sep-2020 14:51:06.093 信息 [main] org.apache.catalina.core.StandardServer.await 通过关闭端口接收到有效的关闭命令。正在停止服务器实例。
04-Sep-2020 14:51:06.098 信息 [main] org.apache.coyote.AbstractProtocol.pause 暂停ProtocolHandler["http-nio-8080"]
04-Sep-2020 14:51:06.110 信息 [main] org.apache.catalina.core.StandardService.stopInternal 正在停止服务[Catalina]
04-Sep-2020 14:51:06.147 信息 [main] org.apache.coyote.AbstractProtocol.stop 正在停止ProtocolHandler ["http-nio-8080"]
04-Sep-2020 14:51:06.150 信息 [main] org.apache.coyote.AbstractProtocol.destroy 正在摧毁协议处理器 ["http-nio-8080"]
04-Sep-2020 14:51:13.909 信息 [main] org.apache.catalina.startup.VersionLoggerListener.log Server.服务器版本: Apache Tomcat/9.0.37
04-Sep-2020 14:51:13.911 信息 [main] org.apache.catalina.startup.VersionLoggerListener.log 服务器构建:        Jun 30 2020 20:09:49 UTC
04-Sep-2020 14:51:13.911 信息 [main] org.apache.catalina.startup.VersionLoggerListener.log 服务器版本号(:     9.0.37.0
04-Sep-2020 14:51:13.912 信息 [main] org.apache.catalina.startup.VersionLoggerListener.log 操作系统名称:      Mac OS X
04-Sep-2020 14:51:13.912 信息 [main] org.apache.catalina.startup.VersionLoggerListener.log OS.版本:           10.15.6
04-Sep-2020 14:51:13.912 信息 [main] org.apache.catalina.startup.VersionLoggerListener.log 架构:              x86_64
04-Sep-2020 14:51:13.912 信息 [main] org.apache.catalina.startup.VersionLoggerListener.log Java 环境变量:     /Library/Java/JavaVirtualMachines/jdk-14.0.2.jdk/Contents/Home
04-Sep-2020 14:51:13.912 信息 [main] org.apache.catalina.startup.VersionLoggerListener.log Java虚拟机版本:    14.0.2+12-46
04-Sep-2020 14:51:13.912 信息 [main] org.apache.catalina.startup.VersionLoggerListener.log JVM.供应商:        Oracle Corporation
04-Sep-2020 14:51:13.912 信息 [main] org.apache.catalina.startup.VersionLoggerListener.log CATALINA_BASE:     /Users/mhc/work/javaLib/Tomcat/servlet
04-Sep-2020 14:51:13.912 信息 [main] org.apache.catalina.startup.VersionLoggerListener.log CATALINA_HOME:     /Users/mhc/work/javaLib/Tomcat/servlet
04-Sep-2020 14:51:13.923 信息 [main] org.apache.catalina.startup.VersionLoggerListener.log 命令行参数：--add-opens=java.base/java.lang=ALL-UNNAMED
04-Sep-2020 14:51:13.923 信息 [main] org.apache.catalina.startup.VersionLoggerListener.log 命令行参数：--add-opens=java.base/java.io=ALL-UNNAMED
04-Sep-2020 14:51:13.923 信息 [main] org.apache.catalina.startup.VersionLoggerListener.log 命令行参数：--add-opens=java.rmi/sun.rmi.transport=ALL-UNNAMED
04-Sep-2020 14:51:13.923 信息 [main] org.apache.catalina.startup.VersionLoggerListener.log 命令行参数：-Djava.util.logging.config.file=/Users/mhc/work/javaLib/Tomcat/servlet/conf/logging.properties
04-Sep-2020 14:51:13.923 信息 [main] org.apache.catalina.startup.VersionLoggerListener.log 命令行参数：-Djava.util.logging.manager=org.apache.juli.ClassLoaderLogManager
04-Sep-2020 14:51:13.924 信息 [main] org.apache.catalina.startup.VersionLoggerListener.log 命令行参数：-Djdk.tls.ephemeralDHKeySize=2048
04-Sep-2020 14:51:13.924 信息 [main] org.apache.catalina.startup.VersionLoggerListener.log 命令行参数：-Djava.protocol.handler.pkgs=org.apache.catalina.webresources
04-Sep-2020 14:51:13.924 信息 [main] org.apache.catalina.startup.VersionLoggerListener.log 命令行参数：-Dorg.apache.catalina.security.SecurityListener.UMASK=0027
04-Sep-2020 14:51:13.924 信息 [main] org.apache.catalina.startup.VersionLoggerListener.log 命令行参数：-Dignore.endorsed.dirs=
04-Sep-2020 14:51:13.924 信息 [main] org.apache.catalina.startup.VersionLoggerListener.log 命令行参数：-Dcatalina.base=/Users/mhc/work/javaLib/Tomcat/servlet
04-Sep-2020 14:51:13.924 信息 [main] org.apache.catalina.startup.VersionLoggerListener.log 命令行参数：-Dcatalina.home=/Users/mhc/work/javaLib/Tomcat/servlet
04-Sep-2020 14:51:13.924 信息 [main] org.apache.catalina.startup.VersionLoggerListener.log 命令行参数：-Djava.io.tmpdir=/Users/mhc/work/javaLib/Tomcat/servlet/temp
04-Sep-2020 14:51:13.924 信息 [main] org.apache.catalina.core.AprLifecycleListener.lifecycleEvent 在java.library.path:[/Users/mhc/Library/Java/Extensions:/Library/Java/Extensions:/Network/Library/Java/Extensions:/System/Library/Java/Extensions:/usr/lib/java:.]上找不到基于APR的Apache Tomcat本机库，该库允许在生产环境中获得最佳性能
04-Sep-2020 14:51:14.125 信息 [main] org.apache.coyote.AbstractProtocol.init 初始化协议处理器 ["http-nio-8080"]
04-Sep-2020 14:51:14.157 信息 [main] org.apache.catalina.startup.Catalina.load 服务器在[398]毫秒内初始化
04-Sep-2020 14:51:14.186 信息 [main] org.apache.catalina.core.StandardService.startInternal 正在启动服务[Catalina]
04-Sep-2020 14:51:14.186 信息 [main] org.apache.catalina.core.StandardEngine.startInternal 正在启动 Servlet 引擎：[Apache Tomcat/9.0.37]
04-Sep-2020 14:51:14.191 信息 [main] org.apache.catalina.startup.HostConfig.deployDirectory 把web 应用程序部署到目录 [/Users/mhc/work/javaLib/Tomcat/servlet/webapps/docs]
04-Sep-2020 14:51:14.371 信息 [main] org.apache.catalina.startup.HostConfig.deployDirectory Web应用程序目录[/Users/mhc/work/javaLib/Tomcat/servlet/webapps/docs]的部署已在[179]毫秒内完成
04-Sep-2020 14:51:14.372 信息 [main] org.apache.catalina.startup.HostConfig.deployDirectory 把web 应用程序部署到目录 [/Users/mhc/work/javaLib/Tomcat/servlet/webapps/manager]
04-Sep-2020 14:51:14.399 信息 [main] org.apache.catalina.startup.HostConfig.deployDirectory Web应用程序目录[/Users/mhc/work/javaLib/Tomcat/servlet/webapps/manager]的部署已在[27]毫秒内完成
04-Sep-2020 14:51:14.399 信息 [main] org.apache.catalina.startup.HostConfig.deployDirectory 把web 应用程序部署到目录 [/Users/mhc/work/javaLib/Tomcat/servlet/webapps/examples]
04-Sep-2020 14:51:14.596 信息 [main] org.apache.catalina.startup.HostConfig.deployDirectory Web应用程序目录[/Users/mhc/work/javaLib/Tomcat/servlet/webapps/examples]的部署已在[197]毫秒内完成
04-Sep-2020 14:51:14.596 信息 [main] org.apache.catalina.startup.HostConfig.deployDirectory 把web 应用程序部署到目录 [/Users/mhc/work/javaLib/Tomcat/servlet/webapps/ROOT]
04-Sep-2020 14:51:14.622 信息 [main] org.apache.catalina.startup.HostConfig.deployDirectory Web应用程序目录[/Users/mhc/work/javaLib/Tomcat/servlet/webapps/ROOT]的部署已在[26]毫秒内完成
04-Sep-2020 14:51:14.622 信息 [main] org.apache.catalina.startup.HostConfig.deployDirectory 把web 应用程序部署到目录 [/Users/mhc/work/javaLib/Tomcat/servlet/webapps/host-manager]
04-Sep-2020 14:51:14.642 信息 [main] org.apache.catalina.startup.HostConfig.deployDirectory Web应用程序目录[/Users/mhc/work/javaLib/Tomcat/servlet/webapps/host-manager]的部署已在[19]毫秒内完成
04-Sep-2020 14:51:14.644 信息 [main] org.apache.coyote.AbstractProtocol.start 开始协议处理句柄["http-nio-8080"]
04-Sep-2020 14:51:14.651 信息 [main] org.apache.catalina.startup.Catalina.start [493]毫秒后服务器启动
04-Sep-2020 15:10:36.209 信息 [main] org.apache.catalina.core.StandardServer.await 通过关闭端口接收到有效的关闭命令。正在停止服务器实例。
04-Sep-2020 15:10:36.210 信息 [main] org.apache.coyote.AbstractProtocol.pause 暂停ProtocolHandler["http-nio-8080"]
04-Sep-2020 15:10:36.215 信息 [main] org.apache.catalina.core.StandardService.stopInternal 正在停止服务[Catalina]
04-Sep-2020 15:10:36.239 信息 [main] org.apache.coyote.AbstractProtocol.stop 正在停止ProtocolHandler ["http-nio-8080"]
04-Sep-2020 15:10:36.242 信息 [main] org.apache.coyote.AbstractProtocol.destroy 正在摧毁协议处理器 ["http-nio-8080"]
04-Sep-2020 15:31:17.195 信息 [main] org.apache.catalina.startup.VersionLoggerListener.log Server.服务器版本: Apache Tomcat/9.0.37
04-Sep-2020 15:31:17.198 信息 [main] org.apache.catalina.startup.VersionLoggerListener.log 服务器构建:        Jun 30 2020 20:09:49 UTC
04-Sep-2020 15:31:17.198 信息 [main] org.apache.catalina.startup.VersionLoggerListener.log 服务器版本号(:     9.0.37.0
04-Sep-2020 15:31:17.198 信息 [main] org.apache.catalina.startup.VersionLoggerListener.log 操作系统名称:      Mac OS X
04-Sep-2020 15:31:17.198 信息 [main] org.apache.catalina.startup.VersionLoggerListener.log OS.版本:           10.15.6
04-Sep-2020 15:31:17.198 信息 [main] org.apache.catalina.startup.VersionLoggerListener.log 架构:              x86_64
04-Sep-2020 15:31:17.198 信息 [main] org.apache.catalina.startup.VersionLoggerListener.log Java 环境变量:     /Library/Java/JavaVirtualMachines/jdk-14.0.2.jdk/Contents/Home
04-Sep-2020 15:31:17.198 信息 [main] org.apache.catalina.startup.VersionLoggerListener.log Java虚拟机版本:    14.0.2+12-46
04-Sep-2020 15:31:17.199 信息 [main] org.apache.catalina.startup.VersionLoggerListener.log JVM.供应商:        Oracle Corporation
04-Sep-2020 15:31:17.199 信息 [main] org.apache.catalina.startup.VersionLoggerListener.log CATALINA_BASE:     /Users/mhc/work/javaLib/Tomcat/servlet
04-Sep-2020 15:31:17.199 信息 [main] org.apache.catalina.startup.VersionLoggerListener.log CATALINA_HOME:     /Users/mhc/work/javaLib/Tomcat/servlet
04-Sep-2020 15:31:17.210 信息 [main] org.apache.catalina.startup.VersionLoggerListener.log 命令行参数：--add-opens=java.base/java.lang=ALL-UNNAMED
04-Sep-2020 15:31:17.210 信息 [main] org.apache.catalina.startup.VersionLoggerListener.log 命令行参数：--add-opens=java.base/java.io=ALL-UNNAMED
04-Sep-2020 15:31:17.210 信息 [main] org.apache.catalina.startup.VersionLoggerListener.log 命令行参数：--add-opens=java.rmi/sun.rmi.transport=ALL-UNNAMED
04-Sep-2020 15:31:17.210 信息 [main] org.apache.catalina.startup.VersionLoggerListener.log 命令行参数：-Djava.util.logging.config.file=/Users/mhc/work/javaLib/Tomcat/servlet/conf/logging.properties
04-Sep-2020 15:31:17.210 信息 [main] org.apache.catalina.startup.VersionLoggerListener.log 命令行参数：-Djava.util.logging.manager=org.apache.juli.ClassLoaderLogManager
04-Sep-2020 15:31:17.210 信息 [main] org.apache.catalina.startup.VersionLoggerListener.log 命令行参数：-Djdk.tls.ephemeralDHKeySize=2048
04-Sep-2020 15:31:17.211 信息 [main] org.apache.catalina.startup.VersionLoggerListener.log 命令行参数：-Djava.protocol.handler.pkgs=org.apache.catalina.webresources
04-Sep-2020 15:31:17.211 信息 [main] org.apache.catalina.startup.VersionLoggerListener.log 命令行参数：-Dorg.apache.catalina.security.SecurityListener.UMASK=0027
04-Sep-2020 15:31:17.211 信息 [main] org.apache.catalina.startup.VersionLoggerListener.log 命令行参数：-Dignore.endorsed.dirs=
04-Sep-2020 15:31:17.211 信息 [main] org.apache.catalina.startup.VersionLoggerListener.log 命令行参数：-Dcatalina.base=/Users/mhc/work/javaLib/Tomcat/servlet
04-Sep-2020 15:31:17.211 信息 [main] org.apache.catalina.startup.VersionLoggerListener.log 命令行参数：-Dcatalina.home=/Users/mhc/work/javaLib/Tomcat/servlet
04-Sep-2020 15:31:17.211 信息 [main] org.apache.catalina.startup.VersionLoggerListener.log 命令行参数：-Djava.io.tmpdir=/Users/mhc/work/javaLib/Tomcat/servlet/temp
04-Sep-2020 15:31:17.211 信息 [main] org.apache.catalina.core.AprLifecycleListener.lifecycleEvent 在java.library.path:[/Users/mhc/Library/Java/Extensions:/Library/Java/Extensions:/Network/Library/Java/Extensions:/System/Library/Java/Extensions:/usr/lib/java:.]上找不到基于APR的Apache Tomcat本机库，该库允许在生产环境中获得最佳性能
04-Sep-2020 15:31:17.408 信息 [main] org.apache.coyote.AbstractProtocol.init 初始化协议处理器 ["http-nio-8080"]
04-Sep-2020 15:31:17.444 信息 [main] org.apache.catalina.startup.Catalina.load 服务器在[395]毫秒内初始化
04-Sep-2020 15:31:17.472 信息 [main] org.apache.catalina.core.StandardService.startInternal 正在启动服务[Catalina]
04-Sep-2020 15:31:17.472 信息 [main] org.apache.catalina.core.StandardEngine.startInternal 正在启动 Servlet 引擎：[Apache Tomcat/9.0.37]
04-Sep-2020 15:31:17.477 信息 [main] org.apache.catalina.startup.HostConfig.deployDirectory 把web 应用程序部署到目录 [/Users/mhc/work/javaLib/Tomcat/servlet/webapps/docs]
04-Sep-2020 15:31:17.665 信息 [main] org.apache.catalina.startup.HostConfig.deployDirectory Web应用程序目录[/Users/mhc/work/javaLib/Tomcat/servlet/webapps/docs]的部署已在[186]毫秒内完成
04-Sep-2020 15:31:17.666 信息 [main] org.apache.catalina.startup.HostConfig.deployDirectory 把web 应用程序部署到目录 [/Users/mhc/work/javaLib/Tomcat/servlet/webapps/manager]
04-Sep-2020 15:31:17.697 信息 [main] org.apache.catalina.startup.HostConfig.deployDirectory Web应用程序目录[/Users/mhc/work/javaLib/Tomcat/servlet/webapps/manager]的部署已在[31]毫秒内完成
04-Sep-2020 15:31:17.697 信息 [main] org.apache.catalina.startup.HostConfig.deployDirectory 把web 应用程序部署到目录 [/Users/mhc/work/javaLib/Tomcat/servlet/webapps/examples]
04-Sep-2020 15:31:17.943 信息 [main] org.apache.catalina.startup.HostConfig.deployDirectory Web应用程序目录[/Users/mhc/work/javaLib/Tomcat/servlet/webapps/examples]的部署已在[245]毫秒内完成
04-Sep-2020 15:31:17.943 信息 [main] org.apache.catalina.startup.HostConfig.deployDirectory 把web 应用程序部署到目录 [/Users/mhc/work/javaLib/Tomcat/servlet/webapps/ROOT]
04-Sep-2020 15:31:17.968 信息 [main] org.apache.catalina.startup.HostConfig.deployDirectory Web应用程序目录[/Users/mhc/work/javaLib/Tomcat/servlet/webapps/ROOT]的部署已在[25]毫秒内完成
04-Sep-2020 15:31:17.968 信息 [main] org.apache.catalina.startup.HostConfig.deployDirectory 把web 应用程序部署到目录 [/Users/mhc/work/javaLib/Tomcat/servlet/webapps/host-manager]
04-Sep-2020 15:31:17.987 信息 [main] org.apache.catalina.startup.HostConfig.deployDirectory Web应用程序目录[/Users/mhc/work/javaLib/Tomcat/servlet/webapps/host-manager]的部署已在[19]毫秒内完成
04-Sep-2020 15:31:17.990 信息 [main] org.apache.coyote.AbstractProtocol.start 开始协议处理句柄["http-nio-8080"]
04-Sep-2020 15:31:17.996 信息 [main] org.apache.catalina.startup.Catalina.start [552]毫秒后服务器启动
04-Sep-2020 15:53:28.933 信息 [main] org.apache.catalina.core.StandardServer.await 通过关闭端口接收到有效的关闭命令。正在停止服务器实例。
04-Sep-2020 15:53:28.934 信息 [main] org.apache.coyote.AbstractProtocol.pause 暂停ProtocolHandler["http-nio-8080"]
04-Sep-2020 15:53:28.938 信息 [main] org.apache.catalina.core.StandardService.stopInternal 正在停止服务[Catalina]
04-Sep-2020 15:53:28.952 信息 [main] org.apache.coyote.AbstractProtocol.stop 正在停止ProtocolHandler ["http-nio-8080"]
04-Sep-2020 15:53:28.954 信息 [main] org.apache.coyote.AbstractProtocol.destroy 正在摧毁协议处理器 ["http-nio-8080"]
04-Sep-2020 15:53:35.217 信息 [main] org.apache.catalina.startup.VersionLoggerListener.log Server.服务器版本: Apache Tomcat/9.0.37
04-Sep-2020 15:53:35.220 信息 [main] org.apache.catalina.startup.VersionLoggerListener.log 服务器构建:        Jun 30 2020 20:09:49 UTC
04-Sep-2020 15:53:35.220 信息 [main] org.apache.catalina.startup.VersionLoggerListener.log 服务器版本号(:     9.0.37.0
04-Sep-2020 15:53:35.220 信息 [main] org.apache.catalina.startup.VersionLoggerListener.log 操作系统名称:      Mac OS X
04-Sep-2020 15:53:35.220 信息 [main] org.apache.catalina.startup.VersionLoggerListener.log OS.版本:           10.15.6
04-Sep-2020 15:53:35.220 信息 [main] org.apache.catalina.startup.VersionLoggerListener.log 架构:              x86_64
04-Sep-2020 15:53:35.220 信息 [main] org.apache.catalina.startup.VersionLoggerListener.log Java 环境变量:     /Library/Java/JavaVirtualMachines/jdk-14.0.2.jdk/Contents/Home
04-Sep-2020 15:53:35.220 信息 [main] org.apache.catalina.startup.VersionLoggerListener.log Java虚拟机版本:    14.0.2+12-46
04-Sep-2020 15:53:35.220 信息 [main] org.apache.catalina.startup.VersionLoggerListener.log JVM.供应商:        Oracle Corporation
04-Sep-2020 15:53:35.220 信息 [main] org.apache.catalina.startup.VersionLoggerListener.log CATALINA_BASE:     /Users/mhc/work/javaLib/Tomcat/servlet
04-Sep-2020 15:53:35.221 信息 [main] org.apache.catalina.startup.VersionLoggerListener.log CATALINA_HOME:     /Users/mhc/work/javaLib/Tomcat/servlet
04-Sep-2020 15:53:35.231 信息 [main] org.apache.catalina.startup.VersionLoggerListener.log 命令行参数：--add-opens=java.base/java.lang=ALL-UNNAMED
04-Sep-2020 15:53:35.231 信息 [main] org.apache.catalina.startup.VersionLoggerListener.log 命令行参数：--add-opens=java.base/java.io=ALL-UNNAMED
04-Sep-2020 15:53:35.231 信息 [main] org.apache.catalina.startup.VersionLoggerListener.log 命令行参数：--add-opens=java.rmi/sun.rmi.transport=ALL-UNNAMED
04-Sep-2020 15:53:35.231 信息 [main] org.apache.catalina.startup.VersionLoggerListener.log 命令行参数：-Djava.util.logging.config.file=/Users/mhc/work/javaLib/Tomcat/servlet/conf/logging.properties
04-Sep-2020 15:53:35.232 信息 [main] org.apache.catalina.startup.VersionLoggerListener.log 命令行参数：-Djava.util.logging.manager=org.apache.juli.ClassLoaderLogManager
04-Sep-2020 15:53:35.232 信息 [main] org.apache.catalina.startup.VersionLoggerListener.log 命令行参数：-Djdk.tls.ephemeralDHKeySize=2048
04-Sep-2020 15:53:35.232 信息 [main] org.apache.catalina.startup.VersionLoggerListener.log 命令行参数：-Djava.protocol.handler.pkgs=org.apache.catalina.webresources
04-Sep-2020 15:53:35.232 信息 [main] org.apache.catalina.startup.VersionLoggerListener.log 命令行参数：-Dorg.apache.catalina.security.SecurityListener.UMASK=0027
04-Sep-2020 15:53:35.232 信息 [main] org.apache.catalina.startup.VersionLoggerListener.log 命令行参数：-Dignore.endorsed.dirs=
04-Sep-2020 15:53:35.232 信息 [main] org.apache.catalina.startup.VersionLoggerListener.log 命令行参数：-Dcatalina.base=/Users/mhc/work/javaLib/Tomcat/servlet
04-Sep-2020 15:53:35.232 信息 [main] org.apache.catalina.startup.VersionLoggerListener.log 命令行参数：-Dcatalina.home=/Users/mhc/work/javaLib/Tomcat/servlet
04-Sep-2020 15:53:35.232 信息 [main] org.apache.catalina.startup.VersionLoggerListener.log 命令行参数：-Djava.io.tmpdir=/Users/mhc/work/javaLib/Tomcat/servlet/temp
04-Sep-2020 15:53:35.232 信息 [main] org.apache.catalina.core.AprLifecycleListener.lifecycleEvent 在java.library.path:[/Users/mhc/Library/Java/Extensions:/Library/Java/Extensions:/Network/Library/Java/Extensions:/System/Library/Java/Extensions:/usr/lib/java:.]上找不到基于APR的Apache Tomcat本机库，该库允许在生产环境中获得最佳性能
04-Sep-2020 15:53:35.431 信息 [main] org.apache.coyote.AbstractProtocol.init 初始化协议处理器 ["http-nio-8080"]
04-Sep-2020 15:53:35.466 信息 [main] org.apache.catalina.startup.Catalina.load 服务器在[402]毫秒内初始化
04-Sep-2020 15:53:35.493 信息 [main] org.apache.catalina.core.StandardService.startInternal 正在启动服务[Catalina]
04-Sep-2020 15:53:35.493 信息 [main] org.apache.catalina.core.StandardEngine.startInternal 正在启动 Servlet 引擎：[Apache Tomcat/9.0.37]
04-Sep-2020 15:53:35.499 信息 [main] org.apache.catalina.startup.HostConfig.deployDirectory 把web 应用程序部署到目录 [/Users/mhc/work/javaLib/Tomcat/servlet/webapps/docs]
04-Sep-2020 15:53:35.696 信息 [main] org.apache.catalina.startup.HostConfig.deployDirectory Web应用程序目录[/Users/mhc/work/javaLib/Tomcat/servlet/webapps/docs]的部署已在[195]毫秒内完成
04-Sep-2020 15:53:35.697 信息 [main] org.apache.catalina.startup.HostConfig.deployDirectory 把web 应用程序部署到目录 [/Users/mhc/work/javaLib/Tomcat/servlet/webapps/manager]
04-Sep-2020 15:53:35.734 信息 [main] org.apache.catalina.startup.HostConfig.deployDirectory Web应用程序目录[/Users/mhc/work/javaLib/Tomcat/servlet/webapps/manager]的部署已在[37]毫秒内完成
04-Sep-2020 15:53:35.735 信息 [main] org.apache.catalina.startup.HostConfig.deployDirectory 把web 应用程序部署到目录 [/Users/mhc/work/javaLib/Tomcat/servlet/webapps/examples]
04-Sep-2020 15:53:35.959 信息 [main] org.apache.catalina.startup.HostConfig.deployDirectory Web应用程序目录[/Users/mhc/work/javaLib/Tomcat/servlet/webapps/examples]的部署已在[224]毫秒内完成
04-Sep-2020 15:53:35.960 信息 [main] org.apache.catalina.startup.HostConfig.deployDirectory 把web 应用程序部署到目录 [/Users/mhc/work/javaLib/Tomcat/servlet/webapps/ROOT]
04-Sep-2020 15:53:35.985 信息 [main] org.apache.catalina.startup.HostConfig.deployDirectory Web应用程序目录[/Users/mhc/work/javaLib/Tomcat/servlet/webapps/ROOT]的部署已在[25]毫秒内完成
04-Sep-2020 15:53:35.985 信息 [main] org.apache.catalina.startup.HostConfig.deployDirectory 把web 应用程序部署到目录 [/Users/mhc/work/javaLib/Tomcat/servlet/webapps/host-manager]
04-Sep-2020 15:53:36.001 信息 [main] org.apache.catalina.startup.HostConfig.deployDirectory Web应用程序目录[/Users/mhc/work/javaLib/Tomcat/servlet/webapps/host-manager]的部署已在[16]毫秒内完成
04-Sep-2020 15:53:36.004 信息 [main] org.apache.coyote.AbstractProtocol.start 开始协议处理句柄["http-nio-8080"]
04-Sep-2020 15:53:36.010 信息 [main] org.apache.catalina.startup.Catalina.start [544]毫秒后服务器启动
04-Sep-2020 15:55:26.042 信息 [Catalina-utility-1] org.apache.catalina.startup.HostConfig.reload 重新加载上下文[]
04-Sep-2020 15:55:26.043 信息 [Catalina-utility-1] org.apache.catalina.core.StandardContext.reload 已开始重新加载名为[]的上下文
04-Sep-2020 15:55:26.071 信息 [Catalina-utility-1] org.apache.catalina.core.StandardContext.reload 已完成重新加载名为的上下文
04-Sep-2020 15:55:28.738 信息 [main] org.apache.catalina.core.StandardServer.await 通过关闭端口接收到有效的关闭命令。正在停止服务器实例。
04-Sep-2020 15:55:28.739 信息 [main] org.apache.coyote.AbstractProtocol.pause 暂停ProtocolHandler["http-nio-8080"]
04-Sep-2020 15:55:28.742 信息 [main] org.apache.catalina.core.StandardService.stopInternal 正在停止服务[Catalina]
04-Sep-2020 15:55:28.753 信息 [main] org.apache.coyote.AbstractProtocol.stop 正在停止ProtocolHandler ["http-nio-8080"]
04-Sep-2020 15:55:28.755 信息 [main] org.apache.coyote.AbstractProtocol.destroy 正在摧毁协议处理器 ["http-nio-8080"]
04-Sep-2020 15:55:30.728 信息 [main] org.apache.catalina.startup.VersionLoggerListener.log Server.服务器版本: Apache Tomcat/9.0.37
04-Sep-2020 15:55:30.730 信息 [main] org.apache.catalina.startup.VersionLoggerListener.log 服务器构建:        Jun 30 2020 20:09:49 UTC
04-Sep-2020 15:55:30.730 信息 [main] org.apache.catalina.startup.VersionLoggerListener.log 服务器版本号(:     9.0.37.0
04-Sep-2020 15:55:30.731 信息 [main] org.apache.catalina.startup.VersionLoggerListener.log 操作系统名称:      Mac OS X
04-Sep-2020 15:55:30.731 信息 [main] org.apache.catalina.startup.VersionLoggerListener.log OS.版本:           10.15.6
04-Sep-2020 15:55:30.731 信息 [main] org.apache.catalina.startup.VersionLoggerListener.log 架构:              x86_64
04-Sep-2020 15:55:30.731 信息 [main] org.apache.catalina.startup.VersionLoggerListener.log Java 环境变量:     /Library/Java/JavaVirtualMachines/jdk-14.0.2.jdk/Contents/Home
04-Sep-2020 15:55:30.731 信息 [main] org.apache.catalina.startup.VersionLoggerListener.log Java虚拟机版本:    14.0.2+12-46
04-Sep-2020 15:55:30.731 信息 [main] org.apache.catalina.startup.VersionLoggerListener.log JVM.供应商:        Oracle Corporation
04-Sep-2020 15:55:30.731 信息 [main] org.apache.catalina.startup.VersionLoggerListener.log CATALINA_BASE:     /Users/mhc/work/javaLib/Tomcat/servlet
04-Sep-2020 15:55:30.731 信息 [main] org.apache.catalina.startup.VersionLoggerListener.log CATALINA_HOME:     /Users/mhc/work/javaLib/Tomcat/servlet
04-Sep-2020 15:55:30.741 信息 [main] org.apache.catalina.startup.VersionLoggerListener.log 命令行参数：--add-opens=java.base/java.lang=ALL-UNNAMED
04-Sep-2020 15:55:30.741 信息 [main] org.apache.catalina.startup.VersionLoggerListener.log 命令行参数：--add-opens=java.base/java.io=ALL-UNNAMED
04-Sep-2020 15:55:30.741 信息 [main] org.apache.catalina.startup.VersionLoggerListener.log 命令行参数：--add-opens=java.rmi/sun.rmi.transport=ALL-UNNAMED
04-Sep-2020 15:55:30.742 信息 [main] org.apache.catalina.startup.VersionLoggerListener.log 命令行参数：-Djava.util.logging.config.file=/Users/mhc/work/javaLib/Tomcat/servlet/conf/logging.properties
04-Sep-2020 15:55:30.742 信息 [main] org.apache.catalina.startup.VersionLoggerListener.log 命令行参数：-Djava.util.logging.manager=org.apache.juli.ClassLoaderLogManager
04-Sep-2020 15:55:30.742 信息 [main] org.apache.catalina.startup.VersionLoggerListener.log 命令行参数：-Djdk.tls.ephemeralDHKeySize=2048
04-Sep-2020 15:55:30.742 信息 [main] org.apache.catalina.startup.VersionLoggerListener.log 命令行参数：-Djava.protocol.handler.pkgs=org.apache.catalina.webresources
04-Sep-2020 15:55:30.742 信息 [main] org.apache.catalina.startup.VersionLoggerListener.log 命令行参数：-Dorg.apache.catalina.security.SecurityListener.UMASK=0027
04-Sep-2020 15:55:30.742 信息 [main] org.apache.catalina.startup.VersionLoggerListener.log 命令行参数：-Dignore.endorsed.dirs=
04-Sep-2020 15:55:30.742 信息 [main] org.apache.catalina.startup.VersionLoggerListener.log 命令行参数：-Dcatalina.base=/Users/mhc/work/javaLib/Tomcat/servlet
04-Sep-2020 15:55:30.742 信息 [main] org.apache.catalina.startup.VersionLoggerListener.log 命令行参数：-Dcatalina.home=/Users/mhc/work/javaLib/Tomcat/servlet
04-Sep-2020 15:55:30.742 信息 [main] org.apache.catalina.startup.VersionLoggerListener.log 命令行参数：-Djava.io.tmpdir=/Users/mhc/work/javaLib/Tomcat/servlet/temp
04-Sep-2020 15:55:30.743 信息 [main] org.apache.catalina.core.AprLifecycleListener.lifecycleEvent 在java.library.path:[/Users/mhc/Library/Java/Extensions:/Library/Java/Extensions:/Network/Library/Java/Extensions:/System/Library/Java/Extensions:/usr/lib/java:.]上找不到基于APR的Apache Tomcat本机库，该库允许在生产环境中获得最佳性能
04-Sep-2020 15:55:30.946 信息 [main] org.apache.coyote.AbstractProtocol.init 初始化协议处理器 ["http-nio-8080"]
04-Sep-2020 15:55:30.981 信息 [main] org.apache.catalina.startup.Catalina.load 服务器在[403]毫秒内初始化
04-Sep-2020 15:55:31.011 信息 [main] org.apache.catalina.core.StandardService.startInternal 正在启动服务[Catalina]
04-Sep-2020 15:55:31.012 信息 [main] org.apache.catalina.core.StandardEngine.startInternal 正在启动 Servlet 引擎：[Apache Tomcat/9.0.37]
04-Sep-2020 15:55:31.018 信息 [main] org.apache.catalina.startup.HostConfig.deployDirectory 把web 应用程序部署到目录 [/Users/mhc/work/javaLib/Tomcat/servlet/webapps/docs]
04-Sep-2020 15:55:31.258 信息 [main] org.apache.catalina.startup.HostConfig.deployDirectory Web应用程序目录[/Users/mhc/work/javaLib/Tomcat/servlet/webapps/docs]的部署已在[237]毫秒内完成
04-Sep-2020 15:55:31.259 信息 [main] org.apache.catalina.startup.HostConfig.deployDirectory 把web 应用程序部署到目录 [/Users/mhc/work/javaLib/Tomcat/servlet/webapps/manager]
04-Sep-2020 15:55:31.298 信息 [main] org.apache.catalina.startup.HostConfig.deployDirectory Web应用程序目录[/Users/mhc/work/javaLib/Tomcat/servlet/webapps/manager]的部署已在[40]毫秒内完成
04-Sep-2020 15:55:31.298 信息 [main] org.apache.catalina.startup.HostConfig.deployDirectory 把web 应用程序部署到目录 [/Users/mhc/work/javaLib/Tomcat/servlet/webapps/examples]
04-Sep-2020 15:55:31.543 信息 [main] org.apache.catalina.startup.HostConfig.deployDirectory Web应用程序目录[/Users/mhc/work/javaLib/Tomcat/servlet/webapps/examples]的部署已在[245]毫秒内完成
04-Sep-2020 15:55:31.544 信息 [main] org.apache.catalina.startup.HostConfig.deployDirectory 把web 应用程序部署到目录 [/Users/mhc/work/javaLib/Tomcat/servlet/webapps/ROOT]
04-Sep-2020 15:55:31.573 信息 [main] org.apache.catalina.startup.HostConfig.deployDirectory Web应用程序目录[/Users/mhc/work/javaLib/Tomcat/servlet/webapps/ROOT]的部署已在[28]毫秒内完成
04-Sep-2020 15:55:31.573 信息 [main] org.apache.catalina.startup.HostConfig.deployDirectory 把web 应用程序部署到目录 [/Users/mhc/work/javaLib/Tomcat/servlet/webapps/host-manager]
04-Sep-2020 15:55:31.591 信息 [main] org.apache.catalina.startup.HostConfig.deployDirectory Web应用程序目录[/Users/mhc/work/javaLib/Tomcat/servlet/webapps/host-manager]的部署已在[18]毫秒内完成
04-Sep-2020 15:55:31.595 信息 [main] org.apache.coyote.AbstractProtocol.start 开始协议处理句柄["http-nio-8080"]
04-Sep-2020 15:55:31.601 信息 [main] org.apache.catalina.startup.Catalina.start [619]毫秒后服务器启动
04-Sep-2020 15:55:51.606 信息 [Catalina-utility-1] org.apache.catalina.startup.HostConfig.reload 重新加载上下文[]
04-Sep-2020 15:55:51.607 信息 [Catalina-utility-1] org.apache.catalina.core.StandardContext.reload 已开始重新加载名为[]的上下文
04-Sep-2020 15:55:51.639 信息 [Catalina-utility-1] org.apache.catalina.core.StandardContext.reload 已完成重新加载名为的上下文
04-Sep-2020 15:56:11.649 信息 [Catalina-utility-2] org.apache.catalina.startup.HostConfig.reload 重新加载上下文[]
04-Sep-2020 15:56:11.650 信息 [Catalina-utility-2] org.apache.catalina.core.StandardContext.reload 已开始重新加载名为[]的上下文
04-Sep-2020 15:56:11.671 信息 [Catalina-utility-2] org.apache.catalina.core.StandardContext.reload 已完成重新加载名为的上下文
04-Sep-2020 15:56:21.676 信息 [Catalina-utility-2] org.apache.catalina.startup.HostConfig.reload 重新加载上下文[]
04-Sep-2020 15:56:21.676 信息 [Catalina-utility-2] org.apache.catalina.core.StandardContext.reload 已开始重新加载名为[]的上下文
04-Sep-2020 15:56:21.699 信息 [Catalina-utility-2] org.apache.catalina.core.StandardContext.reload 已完成重新加载名为的上下文
04-Sep-2020 15:56:23.303 信息 [main] org.apache.catalina.core.StandardServer.await 通过关闭端口接收到有效的关闭命令。正在停止服务器实例。
04-Sep-2020 15:56:23.303 信息 [main] org.apache.coyote.AbstractProtocol.pause 暂停ProtocolHandler["http-nio-8080"]
04-Sep-2020 15:56:23.307 信息 [main] org.apache.catalina.core.StandardService.stopInternal 正在停止服务[Catalina]
04-Sep-2020 15:56:23.317 信息 [main] org.apache.coyote.AbstractProtocol.stop 正在停止ProtocolHandler ["http-nio-8080"]
04-Sep-2020 15:56:23.320 信息 [main] org.apache.coyote.AbstractProtocol.destroy 正在摧毁协议处理器 ["http-nio-8080"]
04-Sep-2020 15:56:25.127 信息 [main] org.apache.catalina.startup.VersionLoggerListener.log Server.服务器版本: Apache Tomcat/9.0.37
04-Sep-2020 15:56:25.130 信息 [main] org.apache.catalina.startup.VersionLoggerListener.log 服务器构建:        Jun 30 2020 20:09:49 UTC
04-Sep-2020 15:56:25.130 信息 [main] org.apache.catalina.startup.VersionLoggerListener.log 服务器版本号(:     9.0.37.0
04-Sep-2020 15:56:25.130 信息 [main] org.apache.catalina.startup.VersionLoggerListener.log 操作系统名称:      Mac OS X
04-Sep-2020 15:56:25.130 信息 [main] org.apache.catalina.startup.VersionLoggerListener.log OS.版本:           10.15.6
04-Sep-2020 15:56:25.130 信息 [main] org.apache.catalina.startup.VersionLoggerListener.log 架构:              x86_64
04-Sep-2020 15:56:25.130 信息 [main] org.apache.catalina.startup.VersionLoggerListener.log Java 环境变量:     /Library/Java/JavaVirtualMachines/jdk-14.0.2.jdk/Contents/Home
04-Sep-2020 15:56:25.131 信息 [main] org.apache.catalina.startup.VersionLoggerListener.log Java虚拟机版本:    14.0.2+12-46
04-Sep-2020 15:56:25.131 信息 [main] org.apache.catalina.startup.VersionLoggerListener.log JVM.供应商:        Oracle Corporation
04-Sep-2020 15:56:25.131 信息 [main] org.apache.catalina.startup.VersionLoggerListener.log CATALINA_BASE:     /Users/mhc/work/javaLib/Tomcat/servlet
04-Sep-2020 15:56:25.131 信息 [main] org.apache.catalina.startup.VersionLoggerListener.log CATALINA_HOME:     /Users/mhc/work/javaLib/Tomcat/servlet
04-Sep-2020 15:56:25.141 信息 [main] org.apache.catalina.startup.VersionLoggerListener.log 命令行参数：--add-opens=java.base/java.lang=ALL-UNNAMED
04-Sep-2020 15:56:25.141 信息 [main] org.apache.catalina.startup.VersionLoggerListener.log 命令行参数：--add-opens=java.base/java.io=ALL-UNNAMED
04-Sep-2020 15:56:25.141 信息 [main] org.apache.catalina.startup.VersionLoggerListener.log 命令行参数：--add-opens=java.rmi/sun.rmi.transport=ALL-UNNAMED
04-Sep-2020 15:56:25.141 信息 [main] org.apache.catalina.startup.VersionLoggerListener.log 命令行参数：-Djava.util.logging.config.file=/Users/mhc/work/javaLib/Tomcat/servlet/conf/logging.properties
04-Sep-2020 15:56:25.142 信息 [main] org.apache.catalina.startup.VersionLoggerListener.log 命令行参数：-Djava.util.logging.manager=org.apache.juli.ClassLoaderLogManager
04-Sep-2020 15:56:25.142 信息 [main] org.apache.catalina.startup.VersionLoggerListener.log 命令行参数：-Djdk.tls.ephemeralDHKeySize=2048
04-Sep-2020 15:56:25.142 信息 [main] org.apache.catalina.startup.VersionLoggerListener.log 命令行参数：-Djava.protocol.handler.pkgs=org.apache.catalina.webresources
04-Sep-2020 15:56:25.142 信息 [main] org.apache.catalina.startup.VersionLoggerListener.log 命令行参数：-Dorg.apache.catalina.security.SecurityListener.UMASK=0027
04-Sep-2020 15:56:25.142 信息 [main] org.apache.catalina.startup.VersionLoggerListener.log 命令行参数：-Dignore.endorsed.dirs=
04-Sep-2020 15:56:25.142 信息 [main] org.apache.catalina.startup.VersionLoggerListener.log 命令行参数：-Dcatalina.base=/Users/mhc/work/javaLib/Tomcat/servlet
04-Sep-2020 15:56:25.142 信息 [main] org.apache.catalina.startup.VersionLoggerListener.log 命令行参数：-Dcatalina.home=/Users/mhc/work/javaLib/Tomcat/servlet
04-Sep-2020 15:56:25.142 信息 [main] org.apache.catalina.startup.VersionLoggerListener.log 命令行参数：-Djava.io.tmpdir=/Users/mhc/work/javaLib/Tomcat/servlet/temp
04-Sep-2020 15:56:25.142 信息 [main] org.apache.catalina.core.AprLifecycleListener.lifecycleEvent 在java.library.path:[/Users/mhc/Library/Java/Extensions:/Library/Java/Extensions:/Network/Library/Java/Extensions:/System/Library/Java/Extensions:/usr/lib/java:.]上找不到基于APR的Apache Tomcat本机库，该库允许在生产环境中获得最佳性能
04-Sep-2020 15:56:25.354 信息 [main] org.apache.coyote.AbstractProtocol.init 初始化协议处理器 ["http-nio-8080"]
04-Sep-2020 15:56:25.396 信息 [main] org.apache.catalina.startup.Catalina.load 服务器在[417]毫秒内初始化
04-Sep-2020 15:56:25.429 信息 [main] org.apache.catalina.core.StandardService.startInternal 正在启动服务[Catalina]
04-Sep-2020 15:56:25.429 信息 [main] org.apache.catalina.core.StandardEngine.startInternal 正在启动 Servlet 引擎：[Apache Tomcat/9.0.37]
04-Sep-2020 15:56:25.436 信息 [main] org.apache.catalina.startup.HostConfig.deployDirectory 把web 应用程序部署到目录 [/Users/mhc/work/javaLib/Tomcat/servlet/webapps/docs]
04-Sep-2020 15:56:25.659 信息 [main] org.apache.catalina.startup.HostConfig.deployDirectory Web应用程序目录[/Users/mhc/work/javaLib/Tomcat/servlet/webapps/docs]的部署已在[222]毫秒内完成
04-Sep-2020 15:56:25.659 信息 [main] org.apache.catalina.startup.HostConfig.deployDirectory 把web 应用程序部署到目录 [/Users/mhc/work/javaLib/Tomcat/servlet/webapps/manager]
04-Sep-2020 15:56:25.691 信息 [main] org.apache.catalina.startup.HostConfig.deployDirectory Web应用程序目录[/Users/mhc/work/javaLib/Tomcat/servlet/webapps/manager]的部署已在[32]毫秒内完成
04-Sep-2020 15:56:25.691 信息 [main] org.apache.catalina.startup.HostConfig.deployDirectory 把web 应用程序部署到目录 [/Users/mhc/work/javaLib/Tomcat/servlet/webapps/examples]
04-Sep-2020 15:56:25.880 信息 [main] org.apache.catalina.startup.HostConfig.deployDirectory Web应用程序目录[/Users/mhc/work/javaLib/Tomcat/servlet/webapps/examples]的部署已在[189]毫秒内完成
04-Sep-2020 15:56:25.880 信息 [main] org.apache.catalina.startup.HostConfig.deployDirectory 把web 应用程序部署到目录 [/Users/mhc/work/javaLib/Tomcat/servlet/webapps/ROOT]
04-Sep-2020 15:56:25.905 信息 [main] org.apache.catalina.startup.HostConfig.deployDirectory Web应用程序目录[/Users/mhc/work/javaLib/Tomcat/servlet/webapps/ROOT]的部署已在[25]毫秒内完成
04-Sep-2020 15:56:25.905 信息 [main] org.apache.catalina.startup.HostConfig.deployDirectory 把web 应用程序部署到目录 [/Users/mhc/work/javaLib/Tomcat/servlet/webapps/host-manager]
04-Sep-2020 15:56:25.921 信息 [main] org.apache.catalina.startup.HostConfig.deployDirectory Web应用程序目录[/Users/mhc/work/javaLib/Tomcat/servlet/webapps/host-manager]的部署已在[16]毫秒内完成
04-Sep-2020 15:56:25.924 信息 [main] org.apache.coyote.AbstractProtocol.start 开始协议处理句柄["http-nio-8080"]
04-Sep-2020 15:56:25.930 信息 [main] org.apache.catalina.startup.Catalina.start [533]毫秒后服务器启动
04-Sep-2020 15:57:15.943 信息 [Catalina-utility-1] org.apache.catalina.startup.HostConfig.reload 重新加载上下文[]
04-Sep-2020 15:57:15.944 信息 [Catalina-utility-1] org.apache.catalina.core.StandardContext.reload 已开始重新加载名为[]的上下文
04-Sep-2020 15:57:15.972 信息 [Catalina-utility-1] org.apache.catalina.core.StandardContext.reload 已完成重新加载名为的上下文
04-Sep-2020 17:47:18.820 信息 [main] org.apache.catalina.core.StandardServer.await 通过关闭端口接收到有效的关闭命令。正在停止服务器实例。
04-Sep-2020 17:47:18.822 信息 [main] org.apache.coyote.AbstractProtocol.pause 暂停ProtocolHandler["http-nio-8080"]
04-Sep-2020 17:47:18.828 信息 [main] org.apache.catalina.core.StandardService.stopInternal 正在停止服务[Catalina]
04-Sep-2020 17:47:18.855 信息 [main] org.apache.coyote.AbstractProtocol.stop 正在停止ProtocolHandler ["http-nio-8080"]
04-Sep-2020 17:47:18.859 信息 [main] org.apache.coyote.AbstractProtocol.destroy 正在摧毁协议处理器 ["http-nio-8080"]
04-Sep-2020 17:47:26.755 信息 [main] org.apache.catalina.startup.VersionLoggerListener.log Server.服务器版本: Apache Tomcat/9.0.37
04-Sep-2020 17:47:26.757 信息 [main] org.apache.catalina.startup.VersionLoggerListener.log 服务器构建:        Jun 30 2020 20:09:49 UTC
04-Sep-2020 17:47:26.758 信息 [main] org.apache.catalina.startup.VersionLoggerListener.log 服务器版本号(:     9.0.37.0
04-Sep-2020 17:47:26.758 信息 [main] org.apache.catalina.startup.VersionLoggerListener.log 操作系统名称:      Mac OS X
04-Sep-2020 17:47:26.758 信息 [main] org.apache.catalina.startup.VersionLoggerListener.log OS.版本:           10.15.6
04-Sep-2020 17:47:26.758 信息 [main] org.apache.catalina.startup.VersionLoggerListener.log 架构:              x86_64
04-Sep-2020 17:47:26.758 信息 [main] org.apache.catalina.startup.VersionLoggerListener.log Java 环境变量:     /Library/Java/JavaVirtualMachines/jdk-14.0.2.jdk/Contents/Home
04-Sep-2020 17:47:26.758 信息 [main] org.apache.catalina.startup.VersionLoggerListener.log Java虚拟机版本:    14.0.2+12-46
04-Sep-2020 17:47:26.758 信息 [main] org.apache.catalina.startup.VersionLoggerListener.log JVM.供应商:        Oracle Corporation
04-Sep-2020 17:47:26.758 信息 [main] org.apache.catalina.startup.VersionLoggerListener.log CATALINA_BASE:     /Users/mhc/work/javaLib/Tomcat/servlet
04-Sep-2020 17:47:26.758 信息 [main] org.apache.catalina.startup.VersionLoggerListener.log CATALINA_HOME:     /Users/mhc/work/javaLib/Tomcat/servlet
04-Sep-2020 17:47:26.770 信息 [main] org.apache.catalina.startup.VersionLoggerListener.log 命令行参数：--add-opens=java.base/java.lang=ALL-UNNAMED
04-Sep-2020 17:47:26.770 信息 [main] org.apache.catalina.startup.VersionLoggerListener.log 命令行参数：--add-opens=java.base/java.io=ALL-UNNAMED
04-Sep-2020 17:47:26.770 信息 [main] org.apache.catalina.startup.VersionLoggerListener.log 命令行参数：--add-opens=java.rmi/sun.rmi.transport=ALL-UNNAMED
04-Sep-2020 17:47:26.770 信息 [main] org.apache.catalina.startup.VersionLoggerListener.log 命令行参数：-Djava.util.logging.config.file=/Users/mhc/work/javaLib/Tomcat/servlet/conf/logging.properties
04-Sep-2020 17:47:26.770 信息 [main] org.apache.catalina.startup.VersionLoggerListener.log 命令行参数：-Djava.util.logging.manager=org.apache.juli.ClassLoaderLogManager
04-Sep-2020 17:47:26.770 信息 [main] org.apache.catalina.startup.VersionLoggerListener.log 命令行参数：-Djdk.tls.ephemeralDHKeySize=2048
04-Sep-2020 17:47:26.771 信息 [main] org.apache.catalina.startup.VersionLoggerListener.log 命令行参数：-Djava.protocol.handler.pkgs=org.apache.catalina.webresources
04-Sep-2020 17:47:26.771 信息 [main] org.apache.catalina.startup.VersionLoggerListener.log 命令行参数：-Dorg.apache.catalina.security.SecurityListener.UMASK=0027
04-Sep-2020 17:47:26.771 信息 [main] org.apache.catalina.startup.VersionLoggerListener.log 命令行参数：-Dignore.endorsed.dirs=
04-Sep-2020 17:47:26.771 信息 [main] org.apache.catalina.startup.VersionLoggerListener.log 命令行参数：-Dcatalina.base=/Users/mhc/work/javaLib/Tomcat/servlet
04-Sep-2020 17:47:26.771 信息 [main] org.apache.catalina.startup.VersionLoggerListener.log 命令行参数：-Dcatalina.home=/Users/mhc/work/javaLib/Tomcat/servlet
04-Sep-2020 17:47:26.771 信息 [main] org.apache.catalina.startup.VersionLoggerListener.log 命令行参数：-Djava.io.tmpdir=/Users/mhc/work/javaLib/Tomcat/servlet/temp
04-Sep-2020 17:47:26.771 信息 [main] org.apache.catalina.core.AprLifecycleListener.lifecycleEvent 在java.library.path:[/Users/mhc/Library/Java/Extensions:/Library/Java/Extensions:/Network/Library/Java/Extensions:/System/Library/Java/Extensions:/usr/lib/java:.]上找不到基于APR的Apache Tomcat本机库，该库允许在生产环境中获得最佳性能
04-Sep-2020 17:47:26.968 信息 [main] org.apache.coyote.AbstractProtocol.init 初始化协议处理器 ["http-nio-8080"]
04-Sep-2020 17:47:27.000 信息 [main] org.apache.catalina.startup.Catalina.load 服务器在[394]毫秒内初始化
04-Sep-2020 17:47:27.031 信息 [main] org.apache.catalina.core.StandardService.startInternal 正在启动服务[Catalina]
04-Sep-2020 17:47:27.032 信息 [main] org.apache.catalina.core.StandardEngine.startInternal 正在启动 Servlet 引擎：[Apache Tomcat/9.0.37]
04-Sep-2020 17:47:27.037 信息 [main] org.apache.catalina.startup.HostConfig.deployDirectory 把web 应用程序部署到目录 [/Users/mhc/work/javaLib/Tomcat/servlet/webapps/docs]
04-Sep-2020 17:47:27.225 信息 [main] org.apache.catalina.startup.HostConfig.deployDirectory Web应用程序目录[/Users/mhc/work/javaLib/Tomcat/servlet/webapps/docs]的部署已在[186]毫秒内完成
04-Sep-2020 17:47:27.225 信息 [main] org.apache.catalina.startup.HostConfig.deployDirectory 把web 应用程序部署到目录 [/Users/mhc/work/javaLib/Tomcat/servlet/webapps/manager]
04-Sep-2020 17:47:27.254 信息 [main] org.apache.catalina.startup.HostConfig.deployDirectory Web应用程序目录[/Users/mhc/work/javaLib/Tomcat/servlet/webapps/manager]的部署已在[29]毫秒内完成
04-Sep-2020 17:47:27.254 信息 [main] org.apache.catalina.startup.HostConfig.deployDirectory 把web 应用程序部署到目录 [/Users/mhc/work/javaLib/Tomcat/servlet/webapps/examples]
04-Sep-2020 17:47:27.491 信息 [main] org.apache.catalina.startup.HostConfig.deployDirectory Web应用程序目录[/Users/mhc/work/javaLib/Tomcat/servlet/webapps/examples]的部署已在[237]毫秒内完成
04-Sep-2020 17:47:27.491 信息 [main] org.apache.catalina.startup.HostConfig.deployDirectory 把web 应用程序部署到目录 [/Users/mhc/work/javaLib/Tomcat/servlet/webapps/ROOT]
04-Sep-2020 17:47:27.520 信息 [main] org.apache.catalina.startup.HostConfig.deployDirectory Web应用程序目录[/Users/mhc/work/javaLib/Tomcat/servlet/webapps/ROOT]的部署已在[29]毫秒内完成
04-Sep-2020 17:47:27.520 信息 [main] org.apache.catalina.startup.HostConfig.deployDirectory 把web 应用程序部署到目录 [/Users/mhc/work/javaLib/Tomcat/servlet/webapps/host-manager]
04-Sep-2020 17:47:27.538 信息 [main] org.apache.catalina.startup.HostConfig.deployDirectory Web应用程序目录[/Users/mhc/work/javaLib/Tomcat/servlet/webapps/host-manager]的部署已在[17]毫秒内完成
04-Sep-2020 17:47:27.540 信息 [main] org.apache.coyote.AbstractProtocol.start 开始协议处理句柄["http-nio-8080"]
04-Sep-2020 17:47:27.547 信息 [main] org.apache.catalina.startup.Catalina.start [546]毫秒后服务器启动
04-Sep-2020 18:03:26.602 信息 [main] org.apache.catalina.core.StandardServer.await 通过关闭端口接收到有效的关闭命令。正在停止服务器实例。
04-Sep-2020 18:03:26.602 信息 [main] org.apache.coyote.AbstractProtocol.pause 暂停ProtocolHandler["http-nio-8080"]
04-Sep-2020 18:03:26.606 信息 [main] org.apache.catalina.core.StandardService.stopInternal 正在停止服务[Catalina]
04-Sep-2020 18:03:26.619 信息 [main] org.apache.coyote.AbstractProtocol.stop 正在停止ProtocolHandler ["http-nio-8080"]
04-Sep-2020 18:03:26.621 信息 [main] org.apache.coyote.AbstractProtocol.destroy 正在摧毁协议处理器 ["http-nio-8080"]
04-Sep-2020 18:03:32.382 信息 [main] org.apache.catalina.startup.VersionLoggerListener.log Server.服务器版本: Apache Tomcat/9.0.37
04-Sep-2020 18:03:32.385 信息 [main] org.apache.catalina.startup.VersionLoggerListener.log 服务器构建:        Jun 30 2020 20:09:49 UTC
04-Sep-2020 18:03:32.385 信息 [main] org.apache.catalina.startup.VersionLoggerListener.log 服务器版本号(:     9.0.37.0
04-Sep-2020 18:03:32.385 信息 [main] org.apache.catalina.startup.VersionLoggerListener.log 操作系统名称:      Mac OS X
04-Sep-2020 18:03:32.386 信息 [main] org.apache.catalina.startup.VersionLoggerListener.log OS.版本:           10.15.6
04-Sep-2020 18:03:32.386 信息 [main] org.apache.catalina.startup.VersionLoggerListener.log 架构:              x86_64
04-Sep-2020 18:03:32.386 信息 [main] org.apache.catalina.startup.VersionLoggerListener.log Java 环境变量:     /Library/Java/JavaVirtualMachines/jdk-14.0.2.jdk/Contents/Home
04-Sep-2020 18:03:32.386 信息 [main] org.apache.catalina.startup.VersionLoggerListener.log Java虚拟机版本:    14.0.2+12-46
04-Sep-2020 18:03:32.386 信息 [main] org.apache.catalina.startup.VersionLoggerListener.log JVM.供应商:        Oracle Corporation
04-Sep-2020 18:03:32.386 信息 [main] org.apache.catalina.startup.VersionLoggerListener.log CATALINA_BASE:     /Users/mhc/work/javaLib/Tomcat/servlet
04-Sep-2020 18:03:32.386 信息 [main] org.apache.catalina.startup.VersionLoggerListener.log CATALINA_HOME:     /Users/mhc/work/javaLib/Tomcat/servlet
04-Sep-2020 18:03:32.397 信息 [main] org.apache.catalina.startup.VersionLoggerListener.log 命令行参数：--add-opens=java.base/java.lang=ALL-UNNAMED
04-Sep-2020 18:03:32.398 信息 [main] org.apache.catalina.startup.VersionLoggerListener.log 命令行参数：--add-opens=java.base/java.io=ALL-UNNAMED
04-Sep-2020 18:03:32.398 信息 [main] org.apache.catalina.startup.VersionLoggerListener.log 命令行参数：--add-opens=java.rmi/sun.rmi.transport=ALL-UNNAMED
04-Sep-2020 18:03:32.398 信息 [main] org.apache.catalina.startup.VersionLoggerListener.log 命令行参数：-Djava.util.logging.config.file=/Users/mhc/work/javaLib/Tomcat/servlet/conf/logging.properties
04-Sep-2020 18:03:32.398 信息 [main] org.apache.catalina.startup.VersionLoggerListener.log 命令行参数：-Djava.util.logging.manager=org.apache.juli.ClassLoaderLogManager
04-Sep-2020 18:03:32.398 信息 [main] org.apache.catalina.startup.VersionLoggerListener.log 命令行参数：-Djdk.tls.ephemeralDHKeySize=2048
04-Sep-2020 18:03:32.398 信息 [main] org.apache.catalina.startup.VersionLoggerListener.log 命令行参数：-Djava.protocol.handler.pkgs=org.apache.catalina.webresources
04-Sep-2020 18:03:32.398 信息 [main] org.apache.catalina.startup.VersionLoggerListener.log 命令行参数：-Dorg.apache.catalina.security.SecurityListener.UMASK=0027
04-Sep-2020 18:03:32.398 信息 [main] org.apache.catalina.startup.VersionLoggerListener.log 命令行参数：-Dignore.endorsed.dirs=
04-Sep-2020 18:03:32.398 信息 [main] org.apache.catalina.startup.VersionLoggerListener.log 命令行参数：-Dcatalina.base=/Users/mhc/work/javaLib/Tomcat/servlet
04-Sep-2020 18:03:32.398 信息 [main] org.apache.catalina.startup.VersionLoggerListener.log 命令行参数：-Dcatalina.home=/Users/mhc/work/javaLib/Tomcat/servlet
04-Sep-2020 18:03:32.399 信息 [main] org.apache.catalina.startup.VersionLoggerListener.log 命令行参数：-Djava.io.tmpdir=/Users/mhc/work/javaLib/Tomcat/servlet/temp
04-Sep-2020 18:03:32.399 信息 [main] org.apache.catalina.core.AprLifecycleListener.lifecycleEvent 在java.library.path:[/Users/mhc/Library/Java/Extensions:/Library/Java/Extensions:/Network/Library/Java/Extensions:/System/Library/Java/Extensions:/usr/lib/java:.]上找不到基于APR的Apache Tomcat本机库，该库允许在生产环境中获得最佳性能
04-Sep-2020 18:03:32.601 信息 [main] org.apache.coyote.AbstractProtocol.init 初始化协议处理器 ["http-nio-8080"]
04-Sep-2020 18:03:32.641 信息 [main] org.apache.catalina.startup.Catalina.load 服务器在[407]毫秒内初始化
04-Sep-2020 18:03:32.675 信息 [main] org.apache.catalina.core.StandardService.startInternal 正在启动服务[Catalina]
04-Sep-2020 18:03:32.676 信息 [main] org.apache.catalina.core.StandardEngine.startInternal 正在启动 Servlet 引擎：[Apache Tomcat/9.0.37]
04-Sep-2020 18:03:32.683 信息 [main] org.apache.catalina.startup.HostConfig.deployDirectory 把web 应用程序部署到目录 [/Users/mhc/work/javaLib/Tomcat/servlet/webapps/docs]
04-Sep-2020 18:03:32.907 信息 [main] org.apache.catalina.startup.HostConfig.deployDirectory Web应用程序目录[/Users/mhc/work/javaLib/Tomcat/servlet/webapps/docs]的部署已在[222]毫秒内完成
04-Sep-2020 18:03:32.908 信息 [main] org.apache.catalina.startup.HostConfig.deployDirectory 把web 应用程序部署到目录 [/Users/mhc/work/javaLib/Tomcat/servlet/webapps/manager]
04-Sep-2020 18:03:32.942 信息 [main] org.apache.catalina.startup.HostConfig.deployDirectory Web应用程序目录[/Users/mhc/work/javaLib/Tomcat/servlet/webapps/manager]的部署已在[34]毫秒内完成
04-Sep-2020 18:03:32.943 信息 [main] org.apache.catalina.startup.HostConfig.deployDirectory 把web 应用程序部署到目录 [/Users/mhc/work/javaLib/Tomcat/servlet/webapps/examples]
04-Sep-2020 18:03:33.195 信息 [main] org.apache.catalina.startup.HostConfig.deployDirectory Web应用程序目录[/Users/mhc/work/javaLib/Tomcat/servlet/webapps/examples]的部署已在[253]毫秒内完成
04-Sep-2020 18:03:33.196 信息 [main] org.apache.catalina.startup.HostConfig.deployDirectory 把web 应用程序部署到目录 [/Users/mhc/work/javaLib/Tomcat/servlet/webapps/ROOT]
04-Sep-2020 18:03:33.230 信息 [main] org.apache.catalina.startup.HostConfig.deployDirectory Web应用程序目录[/Users/mhc/work/javaLib/Tomcat/servlet/webapps/ROOT]的部署已在[33]毫秒内完成
04-Sep-2020 18:03:33.230 信息 [main] org.apache.catalina.startup.HostConfig.deployDirectory 把web 应用程序部署到目录 [/Users/mhc/work/javaLib/Tomcat/servlet/webapps/host-manager]
04-Sep-2020 18:03:33.249 信息 [main] org.apache.catalina.startup.HostConfig.deployDirectory Web应用程序目录[/Users/mhc/work/javaLib/Tomcat/servlet/webapps/host-manager]的部署已在[19]毫秒内完成
04-Sep-2020 18:03:33.253 信息 [main] org.apache.coyote.AbstractProtocol.start 开始协议处理句柄["http-nio-8080"]
04-Sep-2020 18:03:33.260 信息 [main] org.apache.catalina.startup.Catalina.start [618]毫秒后服务器启动
04-Sep-2020 18:04:21.447 信息 [main] org.apache.catalina.core.StandardServer.await 通过关闭端口接收到有效的关闭命令。正在停止服务器实例。
04-Sep-2020 18:04:21.448 信息 [main] org.apache.coyote.AbstractProtocol.pause 暂停ProtocolHandler["http-nio-8080"]
04-Sep-2020 18:04:21.452 信息 [main] org.apache.catalina.core.StandardService.stopInternal 正在停止服务[Catalina]
04-Sep-2020 18:04:21.468 信息 [main] org.apache.coyote.AbstractProtocol.stop 正在停止ProtocolHandler ["http-nio-8080"]
04-Sep-2020 18:04:21.470 信息 [main] org.apache.coyote.AbstractProtocol.destroy 正在摧毁协议处理器 ["http-nio-8080"]
04-Sep-2020 18:04:24.286 信息 [main] org.apache.catalina.startup.VersionLoggerListener.log Server.服务器版本: Apache Tomcat/9.0.37
04-Sep-2020 18:04:24.289 信息 [main] org.apache.catalina.startup.VersionLoggerListener.log 服务器构建:        Jun 30 2020 20:09:49 UTC
04-Sep-2020 18:04:24.289 信息 [main] org.apache.catalina.startup.VersionLoggerListener.log 服务器版本号(:     9.0.37.0
04-Sep-2020 18:04:24.289 信息 [main] org.apache.catalina.startup.VersionLoggerListener.log 操作系统名称:      Mac OS X
04-Sep-2020 18:04:24.289 信息 [main] org.apache.catalina.startup.VersionLoggerListener.log OS.版本:           10.15.6
04-Sep-2020 18:04:24.289 信息 [main] org.apache.catalina.startup.VersionLoggerListener.log 架构:              x86_64
04-Sep-2020 18:04:24.289 信息 [main] org.apache.catalina.startup.VersionLoggerListener.log Java 环境变量:     /Library/Java/JavaVirtualMachines/jdk-14.0.2.jdk/Contents/Home
04-Sep-2020 18:04:24.290 信息 [main] org.apache.catalina.startup.VersionLoggerListener.log Java虚拟机版本:    14.0.2+12-46
04-Sep-2020 18:04:24.290 信息 [main] org.apache.catalina.startup.VersionLoggerListener.log JVM.供应商:        Oracle Corporation
04-Sep-2020 18:04:24.290 信息 [main] org.apache.catalina.startup.VersionLoggerListener.log CATALINA_BASE:     /Users/mhc/work/javaLib/Tomcat/servlet
04-Sep-2020 18:04:24.290 信息 [main] org.apache.catalina.startup.VersionLoggerListener.log CATALINA_HOME:     /Users/mhc/work/javaLib/Tomcat/servlet
04-Sep-2020 18:04:24.300 信息 [main] org.apache.catalina.startup.VersionLoggerListener.log 命令行参数：--add-opens=java.base/java.lang=ALL-UNNAMED
04-Sep-2020 18:04:24.300 信息 [main] org.apache.catalina.startup.VersionLoggerListener.log 命令行参数：--add-opens=java.base/java.io=ALL-UNNAMED
04-Sep-2020 18:04:24.301 信息 [main] org.apache.catalina.startup.VersionLoggerListener.log 命令行参数：--add-opens=java.rmi/sun.rmi.transport=ALL-UNNAMED
04-Sep-2020 18:04:24.301 信息 [main] org.apache.catalina.startup.VersionLoggerListener.log 命令行参数：-Djava.util.logging.config.file=/Users/mhc/work/javaLib/Tomcat/servlet/conf/logging.properties
04-Sep-2020 18:04:24.301 信息 [main] org.apache.catalina.startup.VersionLoggerListener.log 命令行参数：-Djava.util.logging.manager=org.apache.juli.ClassLoaderLogManager
04-Sep-2020 18:04:24.301 信息 [main] org.apache.catalina.startup.VersionLoggerListener.log 命令行参数：-Djdk.tls.ephemeralDHKeySize=2048
04-Sep-2020 18:04:24.301 信息 [main] org.apache.catalina.startup.VersionLoggerListener.log 命令行参数：-Djava.protocol.handler.pkgs=org.apache.catalina.webresources
04-Sep-2020 18:04:24.301 信息 [main] org.apache.catalina.startup.VersionLoggerListener.log 命令行参数：-Dorg.apache.catalina.security.SecurityListener.UMASK=0027
04-Sep-2020 18:04:24.301 信息 [main] org.apache.catalina.startup.VersionLoggerListener.log 命令行参数：-Dignore.endorsed.dirs=
04-Sep-2020 18:04:24.301 信息 [main] org.apache.catalina.startup.VersionLoggerListener.log 命令行参数：-Dcatalina.base=/Users/mhc/work/javaLib/Tomcat/servlet
04-Sep-2020 18:04:24.301 信息 [main] org.apache.catalina.startup.VersionLoggerListener.log 命令行参数：-Dcatalina.home=/Users/mhc/work/javaLib/Tomcat/servlet
04-Sep-2020 18:04:24.302 信息 [main] org.apache.catalina.startup.VersionLoggerListener.log 命令行参数：-Djava.io.tmpdir=/Users/mhc/work/javaLib/Tomcat/servlet/temp
04-Sep-2020 18:04:24.302 信息 [main] org.apache.catalina.core.AprLifecycleListener.lifecycleEvent 在java.library.path:[/Users/mhc/Library/Java/Extensions:/Library/Java/Extensions:/Network/Library/Java/Extensions:/System/Library/Java/Extensions:/usr/lib/java:.]上找不到基于APR的Apache Tomcat本机库，该库允许在生产环境中获得最佳性能
04-Sep-2020 18:04:24.500 信息 [main] org.apache.coyote.AbstractProtocol.init 初始化协议处理器 ["http-nio-8080"]
04-Sep-2020 18:04:24.532 信息 [main] org.apache.catalina.startup.Catalina.load 服务器在[394]毫秒内初始化
04-Sep-2020 18:04:24.556 信息 [main] org.apache.catalina.core.StandardService.startInternal 正在启动服务[Catalina]
04-Sep-2020 18:04:24.556 信息 [main] org.apache.catalina.core.StandardEngine.startInternal 正在启动 Servlet 引擎：[Apache Tomcat/9.0.37]
04-Sep-2020 18:04:24.562 信息 [main] org.apache.catalina.startup.HostConfig.deployDirectory 把web 应用程序部署到目录 [/Users/mhc/work/javaLib/Tomcat/servlet/webapps/docs]
04-Sep-2020 18:04:24.762 信息 [main] org.apache.catalina.startup.HostConfig.deployDirectory Web应用程序目录[/Users/mhc/work/javaLib/Tomcat/servlet/webapps/docs]的部署已在[198]毫秒内完成
04-Sep-2020 18:04:24.763 信息 [main] org.apache.catalina.startup.HostConfig.deployDirectory 把web 应用程序部署到目录 [/Users/mhc/work/javaLib/Tomcat/servlet/webapps/manager]
04-Sep-2020 18:04:24.795 信息 [main] org.apache.catalina.startup.HostConfig.deployDirectory Web应用程序目录[/Users/mhc/work/javaLib/Tomcat/servlet/webapps/manager]的部署已在[32]毫秒内完成
04-Sep-2020 18:04:24.796 信息 [main] org.apache.catalina.startup.HostConfig.deployDirectory 把web 应用程序部署到目录 [/Users/mhc/work/javaLib/Tomcat/servlet/webapps/examples]
04-Sep-2020 18:04:24.980 信息 [main] org.apache.catalina.startup.HostConfig.deployDirectory Web应用程序目录[/Users/mhc/work/javaLib/Tomcat/servlet/webapps/examples]的部署已在[184]毫秒内完成
04-Sep-2020 18:04:24.980 信息 [main] org.apache.catalina.startup.HostConfig.deployDirectory 把web 应用程序部署到目录 [/Users/mhc/work/javaLib/Tomcat/servlet/webapps/ROOT]
04-Sep-2020 18:04:25.019 信息 [main] org.apache.catalina.startup.HostConfig.deployDirectory Web应用程序目录[/Users/mhc/work/javaLib/Tomcat/servlet/webapps/ROOT]的部署已在[39]毫秒内完成
04-Sep-2020 18:04:25.020 信息 [main] org.apache.catalina.startup.HostConfig.deployDirectory 把web 应用程序部署到目录 [/Users/mhc/work/javaLib/Tomcat/servlet/webapps/host-manager]
04-Sep-2020 18:04:25.040 信息 [main] org.apache.catalina.startup.HostConfig.deployDirectory Web应用程序目录[/Users/mhc/work/javaLib/Tomcat/servlet/webapps/host-manager]的部署已在[20]毫秒内完成
04-Sep-2020 18:04:25.043 信息 [main] org.apache.coyote.AbstractProtocol.start 开始协议处理句柄["http-nio-8080"]
04-Sep-2020 18:04:25.052 信息 [main] org.apache.catalina.startup.Catalina.start [520]毫秒后服务器启动
04-Sep-2020 18:05:37.103 信息 [main] org.apache.catalina.core.StandardServer.await 通过关闭端口接收到有效的关闭命令。正在停止服务器实例。
04-Sep-2020 18:05:37.103 信息 [main] org.apache.coyote.AbstractProtocol.pause 暂停ProtocolHandler["http-nio-8080"]
04-Sep-2020 18:05:37.107 信息 [main] org.apache.catalina.core.StandardService.stopInternal 正在停止服务[Catalina]
04-Sep-2020 18:05:37.121 信息 [main] org.apache.coyote.AbstractProtocol.stop 正在停止ProtocolHandler ["http-nio-8080"]
04-Sep-2020 18:05:37.123 信息 [main] org.apache.coyote.AbstractProtocol.destroy 正在摧毁协议处理器 ["http-nio-8080"]
04-Sep-2020 18:05:38.743 信息 [main] org.apache.catalina.startup.VersionLoggerListener.log Server.服务器版本: Apache Tomcat/9.0.37
04-Sep-2020 18:05:38.745 信息 [main] org.apache.catalina.startup.VersionLoggerListener.log 服务器构建:        Jun 30 2020 20:09:49 UTC
04-Sep-2020 18:05:38.746 信息 [main] org.apache.catalina.startup.VersionLoggerListener.log 服务器版本号(:     9.0.37.0
04-Sep-2020 18:05:38.746 信息 [main] org.apache.catalina.startup.VersionLoggerListener.log 操作系统名称:      Mac OS X
04-Sep-2020 18:05:38.746 信息 [main] org.apache.catalina.startup.VersionLoggerListener.log OS.版本:           10.15.6
04-Sep-2020 18:05:38.746 信息 [main] org.apache.catalina.startup.VersionLoggerListener.log 架构:              x86_64
04-Sep-2020 18:05:38.746 信息 [main] org.apache.catalina.startup.VersionLoggerListener.log Java 环境变量:     /Library/Java/JavaVirtualMachines/jdk-14.0.2.jdk/Contents/Home
04-Sep-2020 18:05:38.746 信息 [main] org.apache.catalina.startup.VersionLoggerListener.log Java虚拟机版本:    14.0.2+12-46
04-Sep-2020 18:05:38.746 信息 [main] org.apache.catalina.startup.VersionLoggerListener.log JVM.供应商:        Oracle Corporation
04-Sep-2020 18:05:38.746 信息 [main] org.apache.catalina.startup.VersionLoggerListener.log CATALINA_BASE:     /Users/mhc/work/javaLib/Tomcat/servlet
04-Sep-2020 18:05:38.747 信息 [main] org.apache.catalina.startup.VersionLoggerListener.log CATALINA_HOME:     /Users/mhc/work/javaLib/Tomcat/servlet
04-Sep-2020 18:05:38.757 信息 [main] org.apache.catalina.startup.VersionLoggerListener.log 命令行参数：--add-opens=java.base/java.lang=ALL-UNNAMED
04-Sep-2020 18:05:38.757 信息 [main] org.apache.catalina.startup.VersionLoggerListener.log 命令行参数：--add-opens=java.base/java.io=ALL-UNNAMED
04-Sep-2020 18:05:38.757 信息 [main] org.apache.catalina.startup.VersionLoggerListener.log 命令行参数：--add-opens=java.rmi/sun.rmi.transport=ALL-UNNAMED
04-Sep-2020 18:05:38.758 信息 [main] org.apache.catalina.startup.VersionLoggerListener.log 命令行参数：-Djava.util.logging.config.file=/Users/mhc/work/javaLib/Tomcat/servlet/conf/logging.properties
04-Sep-2020 18:05:38.758 信息 [main] org.apache.catalina.startup.VersionLoggerListener.log 命令行参数：-Djava.util.logging.manager=org.apache.juli.ClassLoaderLogManager
04-Sep-2020 18:05:38.758 信息 [main] org.apache.catalina.startup.VersionLoggerListener.log 命令行参数：-Djdk.tls.ephemeralDHKeySize=2048
04-Sep-2020 18:05:38.758 信息 [main] org.apache.catalina.startup.VersionLoggerListener.log 命令行参数：-Djava.protocol.handler.pkgs=org.apache.catalina.webresources
04-Sep-2020 18:05:38.758 信息 [main] org.apache.catalina.startup.VersionLoggerListener.log 命令行参数：-Dorg.apache.catalina.security.SecurityListener.UMASK=0027
04-Sep-2020 18:05:38.758 信息 [main] org.apache.catalina.startup.VersionLoggerListener.log 命令行参数：-Dignore.endorsed.dirs=
04-Sep-2020 18:05:38.758 信息 [main] org.apache.catalina.startup.VersionLoggerListener.log 命令行参数：-Dcatalina.base=/Users/mhc/work/javaLib/Tomcat/servlet
04-Sep-2020 18:05:38.758 信息 [main] org.apache.catalina.startup.VersionLoggerListener.log 命令行参数：-Dcatalina.home=/Users/mhc/work/javaLib/Tomcat/servlet
04-Sep-2020 18:05:38.758 信息 [main] org.apache.catalina.startup.VersionLoggerListener.log 命令行参数：-Djava.io.tmpdir=/Users/mhc/work/javaLib/Tomcat/servlet/temp
04-Sep-2020 18:05:38.758 信息 [main] org.apache.catalina.core.AprLifecycleListener.lifecycleEvent 在java.library.path:[/Users/mhc/Library/Java/Extensions:/Library/Java/Extensions:/Network/Library/Java/Extensions:/System/Library/Java/Extensions:/usr/lib/java:.]上找不到基于APR的Apache Tomcat本机库，该库允许在生产环境中获得最佳性能
04-Sep-2020 18:05:38.962 信息 [main] org.apache.coyote.AbstractProtocol.init 初始化协议处理器 ["http-nio-8080"]
04-Sep-2020 18:05:38.999 信息 [main] org.apache.catalina.startup.Catalina.load 服务器在[404]毫秒内初始化
04-Sep-2020 18:05:39.027 信息 [main] org.apache.catalina.core.StandardService.startInternal 正在启动服务[Catalina]
04-Sep-2020 18:05:39.027 信息 [main] org.apache.catalina.core.StandardEngine.startInternal 正在启动 Servlet 引擎：[Apache Tomcat/9.0.37]
04-Sep-2020 18:05:39.033 信息 [main] org.apache.catalina.startup.HostConfig.deployDirectory 把web 应用程序部署到目录 [/Users/mhc/work/javaLib/Tomcat/servlet/webapps/docs]
04-Sep-2020 18:05:39.228 信息 [main] org.apache.catalina.startup.HostConfig.deployDirectory Web应用程序目录[/Users/mhc/work/javaLib/Tomcat/servlet/webapps/docs]的部署已在[193]毫秒内完成
04-Sep-2020 18:05:39.229 信息 [main] org.apache.catalina.startup.HostConfig.deployDirectory 把web 应用程序部署到目录 [/Users/mhc/work/javaLib/Tomcat/servlet/webapps/manager]
04-Sep-2020 18:05:39.261 信息 [main] org.apache.catalina.startup.HostConfig.deployDirectory Web应用程序目录[/Users/mhc/work/javaLib/Tomcat/servlet/webapps/manager]的部署已在[31]毫秒内完成
04-Sep-2020 18:05:39.261 信息 [main] org.apache.catalina.startup.HostConfig.deployDirectory 把web 应用程序部署到目录 [/Users/mhc/work/javaLib/Tomcat/servlet/webapps/examples]
04-Sep-2020 18:05:39.493 信息 [main] org.apache.catalina.startup.HostConfig.deployDirectory Web应用程序目录[/Users/mhc/work/javaLib/Tomcat/servlet/webapps/examples]的部署已在[232]毫秒内完成
04-Sep-2020 18:05:39.493 信息 [main] org.apache.catalina.startup.HostConfig.deployDirectory 把web 应用程序部署到目录 [/Users/mhc/work/javaLib/Tomcat/servlet/webapps/ROOT]
04-Sep-2020 18:05:39.522 信息 [main] org.apache.catalina.startup.HostConfig.deployDirectory Web应用程序目录[/Users/mhc/work/javaLib/Tomcat/servlet/webapps/ROOT]的部署已在[29]毫秒内完成
04-Sep-2020 18:05:39.522 信息 [main] org.apache.catalina.startup.HostConfig.deployDirectory 把web 应用程序部署到目录 [/Users/mhc/work/javaLib/Tomcat/servlet/webapps/host-manager]
04-Sep-2020 18:05:39.539 信息 [main] org.apache.catalina.startup.HostConfig.deployDirectory Web应用程序目录[/Users/mhc/work/javaLib/Tomcat/servlet/webapps/host-manager]的部署已在[17]毫秒内完成
04-Sep-2020 18:05:39.542 信息 [main] org.apache.coyote.AbstractProtocol.start 开始协议处理句柄["http-nio-8080"]
04-Sep-2020 18:05:39.548 信息 [main] org.apache.catalina.startup.Catalina.start [548]毫秒后服务器启动
04-Sep-2020 18:06:53.201 信息 [main] org.apache.catalina.core.StandardServer.await 通过关闭端口接收到有效的关闭命令。正在停止服务器实例。
04-Sep-2020 18:06:53.201 信息 [main] org.apache.coyote.AbstractProtocol.pause 暂停ProtocolHandler["http-nio-8080"]
04-Sep-2020 18:06:53.205 信息 [main] org.apache.catalina.core.StandardService.stopInternal 正在停止服务[Catalina]
04-Sep-2020 18:06:53.219 信息 [main] org.apache.coyote.AbstractProtocol.stop 正在停止ProtocolHandler ["http-nio-8080"]
04-Sep-2020 18:06:53.221 信息 [main] org.apache.coyote.AbstractProtocol.destroy 正在摧毁协议处理器 ["http-nio-8080"]
04-Sep-2020 18:06:58.337 信息 [main] org.apache.catalina.startup.VersionLoggerListener.log Server.服务器版本: Apache Tomcat/9.0.37
04-Sep-2020 18:06:58.340 信息 [main] org.apache.catalina.startup.VersionLoggerListener.log 服务器构建:        Jun 30 2020 20:09:49 UTC
04-Sep-2020 18:06:58.340 信息 [main] org.apache.catalina.startup.VersionLoggerListener.log 服务器版本号(:     9.0.37.0
04-Sep-2020 18:06:58.340 信息 [main] org.apache.catalina.startup.VersionLoggerListener.log 操作系统名称:      Mac OS X
04-Sep-2020 18:06:58.340 信息 [main] org.apache.catalina.startup.VersionLoggerListener.log OS.版本:           10.15.6
04-Sep-2020 18:06:58.340 信息 [main] org.apache.catalina.startup.VersionLoggerListener.log 架构:              x86_64
04-Sep-2020 18:06:58.340 信息 [main] org.apache.catalina.startup.VersionLoggerListener.log Java 环境变量:     /Library/Java/JavaVirtualMachines/jdk-14.0.2.jdk/Contents/Home
04-Sep-2020 18:06:58.340 信息 [main] org.apache.catalina.startup.VersionLoggerListener.log Java虚拟机版本:    14.0.2+12-46
04-Sep-2020 18:06:58.340 信息 [main] org.apache.catalina.startup.VersionLoggerListener.log JVM.供应商:        Oracle Corporation
04-Sep-2020 18:06:58.340 信息 [main] org.apache.catalina.startup.VersionLoggerListener.log CATALINA_BASE:     /Users/mhc/work/javaLib/Tomcat/servlet
04-Sep-2020 18:06:58.341 信息 [main] org.apache.catalina.startup.VersionLoggerListener.log CATALINA_HOME:     /Users/mhc/work/javaLib/Tomcat/servlet
04-Sep-2020 18:06:58.352 信息 [main] org.apache.catalina.startup.VersionLoggerListener.log 命令行参数：--add-opens=java.base/java.lang=ALL-UNNAMED
04-Sep-2020 18:06:58.352 信息 [main] org.apache.catalina.startup.VersionLoggerListener.log 命令行参数：--add-opens=java.base/java.io=ALL-UNNAMED
04-Sep-2020 18:06:58.352 信息 [main] org.apache.catalina.startup.VersionLoggerListener.log 命令行参数：--add-opens=java.rmi/sun.rmi.transport=ALL-UNNAMED
04-Sep-2020 18:06:58.352 信息 [main] org.apache.catalina.startup.VersionLoggerListener.log 命令行参数：-Djava.util.logging.config.file=/Users/mhc/work/javaLib/Tomcat/servlet/conf/logging.properties
04-Sep-2020 18:06:58.352 信息 [main] org.apache.catalina.startup.VersionLoggerListener.log 命令行参数：-Djava.util.logging.manager=org.apache.juli.ClassLoaderLogManager
04-Sep-2020 18:06:58.352 信息 [main] org.apache.catalina.startup.VersionLoggerListener.log 命令行参数：-Djdk.tls.ephemeralDHKeySize=2048
04-Sep-2020 18:06:58.352 信息 [main] org.apache.catalina.startup.VersionLoggerListener.log 命令行参数：-Djava.protocol.handler.pkgs=org.apache.catalina.webresources
04-Sep-2020 18:06:58.353 信息 [main] org.apache.catalina.startup.VersionLoggerListener.log 命令行参数：-Dorg.apache.catalina.security.SecurityListener.UMASK=0027
04-Sep-2020 18:06:58.353 信息 [main] org.apache.catalina.startup.VersionLoggerListener.log 命令行参数：-Dignore.endorsed.dirs=
04-Sep-2020 18:06:58.353 信息 [main] org.apache.catalina.startup.VersionLoggerListener.log 命令行参数：-Dcatalina.base=/Users/mhc/work/javaLib/Tomcat/servlet
04-Sep-2020 18:06:58.353 信息 [main] org.apache.catalina.startup.VersionLoggerListener.log 命令行参数：-Dcatalina.home=/Users/mhc/work/javaLib/Tomcat/servlet
04-Sep-2020 18:06:58.353 信息 [main] org.apache.catalina.startup.VersionLoggerListener.log 命令行参数：-Djava.io.tmpdir=/Users/mhc/work/javaLib/Tomcat/servlet/temp
04-Sep-2020 18:06:58.353 信息 [main] org.apache.catalina.core.AprLifecycleListener.lifecycleEvent 在java.library.path:[/Users/mhc/Library/Java/Extensions:/Library/Java/Extensions:/Network/Library/Java/Extensions:/System/Library/Java/Extensions:/usr/lib/java:.]上找不到基于APR的Apache Tomcat本机库，该库允许在生产环境中获得最佳性能
04-Sep-2020 18:06:58.552 信息 [main] org.apache.coyote.AbstractProtocol.init 初始化协议处理器 ["http-nio-8080"]
04-Sep-2020 18:06:58.586 信息 [main] org.apache.catalina.startup.Catalina.load 服务器在[395]毫秒内初始化
04-Sep-2020 18:06:58.616 信息 [main] org.apache.catalina.core.StandardService.startInternal 正在启动服务[Catalina]
04-Sep-2020 18:06:58.617 信息 [main] org.apache.catalina.core.StandardEngine.startInternal 正在启动 Servlet 引擎：[Apache Tomcat/9.0.37]
04-Sep-2020 18:06:58.623 信息 [main] org.apache.catalina.startup.HostConfig.deployDirectory 把web 应用程序部署到目录 [/Users/mhc/work/javaLib/Tomcat/servlet/webapps/docs]
04-Sep-2020 18:06:58.847 信息 [main] org.apache.catalina.startup.HostConfig.deployDirectory Web应用程序目录[/Users/mhc/work/javaLib/Tomcat/servlet/webapps/docs]的部署已在[221]毫秒内完成
04-Sep-2020 18:06:58.847 信息 [main] org.apache.catalina.startup.HostConfig.deployDirectory 把web 应用程序部署到目录 [/Users/mhc/work/javaLib/Tomcat/servlet/webapps/manager]
04-Sep-2020 18:06:58.875 信息 [main] org.apache.catalina.startup.HostConfig.deployDirectory Web应用程序目录[/Users/mhc/work/javaLib/Tomcat/servlet/webapps/manager]的部署已在[28]毫秒内完成
04-Sep-2020 18:06:58.875 信息 [main] org.apache.catalina.startup.HostConfig.deployDirectory 把web 应用程序部署到目录 [/Users/mhc/work/javaLib/Tomcat/servlet/webapps/examples]
04-Sep-2020 18:06:59.044 信息 [main] org.apache.catalina.startup.HostConfig.deployDirectory Web应用程序目录[/Users/mhc/work/javaLib/Tomcat/servlet/webapps/examples]的部署已在[169]毫秒内完成
04-Sep-2020 18:06:59.045 信息 [main] org.apache.catalina.startup.HostConfig.deployDirectory 把web 应用程序部署到目录 [/Users/mhc/work/javaLib/Tomcat/servlet/webapps/ROOT]
04-Sep-2020 18:06:59.080 信息 [main] org.apache.catalina.startup.HostConfig.deployDirectory Web应用程序目录[/Users/mhc/work/javaLib/Tomcat/servlet/webapps/ROOT]的部署已在[35]毫秒内完成
04-Sep-2020 18:06:59.081 信息 [main] org.apache.catalina.startup.HostConfig.deployDirectory 把web 应用程序部署到目录 [/Users/mhc/work/javaLib/Tomcat/servlet/webapps/host-manager]
04-Sep-2020 18:06:59.101 信息 [main] org.apache.catalina.startup.HostConfig.deployDirectory Web应用程序目录[/Users/mhc/work/javaLib/Tomcat/servlet/webapps/host-manager]的部署已在[21]毫秒内完成
04-Sep-2020 18:06:59.105 信息 [main] org.apache.coyote.AbstractProtocol.start 开始协议处理句柄["http-nio-8080"]
04-Sep-2020 18:06:59.112 信息 [main] org.apache.catalina.startup.Catalina.start [524]毫秒后服务器启动
04-Sep-2020 18:19:02.070 信息 [main] org.apache.catalina.core.StandardServer.await 通过关闭端口接收到有效的关闭命令。正在停止服务器实例。
04-Sep-2020 18:19:02.076 信息 [main] org.apache.coyote.AbstractProtocol.pause 暂停ProtocolHandler["http-nio-8080"]
04-Sep-2020 18:19:02.090 信息 [main] org.apache.catalina.core.StandardService.stopInternal 正在停止服务[Catalina]
04-Sep-2020 18:19:02.122 信息 [main] org.apache.coyote.AbstractProtocol.stop 正在停止ProtocolHandler ["http-nio-8080"]
04-Sep-2020 18:19:02.125 信息 [main] org.apache.coyote.AbstractProtocol.destroy 正在摧毁协议处理器 ["http-nio-8080"]
04-Sep-2020 18:49:46.637 信息 [main] org.apache.catalina.startup.VersionLoggerListener.log Server.服务器版本: Apache Tomcat/9.0.37
04-Sep-2020 18:49:46.639 信息 [main] org.apache.catalina.startup.VersionLoggerListener.log 服务器构建:        Jun 30 2020 20:09:49 UTC
04-Sep-2020 18:49:46.640 信息 [main] org.apache.catalina.startup.VersionLoggerListener.log 服务器版本号(:     9.0.37.0
04-Sep-2020 18:49:46.640 信息 [main] org.apache.catalina.startup.VersionLoggerListener.log 操作系统名称:      Mac OS X
04-Sep-2020 18:49:46.640 信息 [main] org.apache.catalina.startup.VersionLoggerListener.log OS.版本:           10.15.6
04-Sep-2020 18:49:46.640 信息 [main] org.apache.catalina.startup.VersionLoggerListener.log 架构:              x86_64
04-Sep-2020 18:49:46.640 信息 [main] org.apache.catalina.startup.VersionLoggerListener.log Java 环境变量:     /Library/Java/JavaVirtualMachines/jdk-14.0.2.jdk/Contents/Home
04-Sep-2020 18:49:46.640 信息 [main] org.apache.catalina.startup.VersionLoggerListener.log Java虚拟机版本:    14.0.2+12-46
04-Sep-2020 18:49:46.640 信息 [main] org.apache.catalina.startup.VersionLoggerListener.log JVM.供应商:        Oracle Corporation
04-Sep-2020 18:49:46.640 信息 [main] org.apache.catalina.startup.VersionLoggerListener.log CATALINA_BASE:     /Users/mhc/work/javaLib/Tomcat/servlet
04-Sep-2020 18:49:46.640 信息 [main] org.apache.catalina.startup.VersionLoggerListener.log CATALINA_HOME:     /Users/mhc/work/javaLib/Tomcat/servlet
04-Sep-2020 18:49:46.654 信息 [main] org.apache.catalina.startup.VersionLoggerListener.log 命令行参数：--add-opens=java.base/java.lang=ALL-UNNAMED
04-Sep-2020 18:49:46.654 信息 [main] org.apache.catalina.startup.VersionLoggerListener.log 命令行参数：--add-opens=java.base/java.io=ALL-UNNAMED
04-Sep-2020 18:49:46.654 信息 [main] org.apache.catalina.startup.VersionLoggerListener.log 命令行参数：--add-opens=java.rmi/sun.rmi.transport=ALL-UNNAMED
04-Sep-2020 18:49:46.655 信息 [main] org.apache.catalina.startup.VersionLoggerListener.log 命令行参数：-Djava.util.logging.config.file=/Users/mhc/work/javaLib/Tomcat/servlet/conf/logging.properties
04-Sep-2020 18:49:46.655 信息 [main] org.apache.catalina.startup.VersionLoggerListener.log 命令行参数：-Djava.util.logging.manager=org.apache.juli.ClassLoaderLogManager
04-Sep-2020 18:49:46.655 信息 [main] org.apache.catalina.startup.VersionLoggerListener.log 命令行参数：-Djdk.tls.ephemeralDHKeySize=2048
04-Sep-2020 18:49:46.655 信息 [main] org.apache.catalina.startup.VersionLoggerListener.log 命令行参数：-Djava.protocol.handler.pkgs=org.apache.catalina.webresources
04-Sep-2020 18:49:46.655 信息 [main] org.apache.catalina.startup.VersionLoggerListener.log 命令行参数：-Dorg.apache.catalina.security.SecurityListener.UMASK=0027
04-Sep-2020 18:49:46.655 信息 [main] org.apache.catalina.startup.VersionLoggerListener.log 命令行参数：-Dignore.endorsed.dirs=
04-Sep-2020 18:49:46.655 信息 [main] org.apache.catalina.startup.VersionLoggerListener.log 命令行参数：-Dcatalina.base=/Users/mhc/work/javaLib/Tomcat/servlet
04-Sep-2020 18:49:46.655 信息 [main] org.apache.catalina.startup.VersionLoggerListener.log 命令行参数：-Dcatalina.home=/Users/mhc/work/javaLib/Tomcat/servlet
04-Sep-2020 18:49:46.655 信息 [main] org.apache.catalina.startup.VersionLoggerListener.log 命令行参数：-Djava.io.tmpdir=/Users/mhc/work/javaLib/Tomcat/servlet/temp
04-Sep-2020 18:49:46.656 信息 [main] org.apache.catalina.core.AprLifecycleListener.lifecycleEvent 在java.library.path:[/Users/mhc/Library/Java/Extensions:/Library/Java/Extensions:/Network/Library/Java/Extensions:/System/Library/Java/Extensions:/usr/lib/java:.]上找不到基于APR的Apache Tomcat本机库，该库允许在生产环境中获得最佳性能
04-Sep-2020 18:49:46.860 信息 [main] org.apache.coyote.AbstractProtocol.init 初始化协议处理器 ["http-nio-8080"]
04-Sep-2020 18:49:46.896 信息 [main] org.apache.catalina.startup.Catalina.load 服务器在[407]毫秒内初始化
04-Sep-2020 18:49:46.926 信息 [main] org.apache.catalina.core.StandardService.startInternal 正在启动服务[Catalina]
04-Sep-2020 18:49:46.927 信息 [main] org.apache.catalina.core.StandardEngine.startInternal 正在启动 Servlet 引擎：[Apache Tomcat/9.0.37]
04-Sep-2020 18:49:46.932 信息 [main] org.apache.catalina.startup.HostConfig.deployDirectory 把web 应用程序部署到目录 [/Users/mhc/work/javaLib/Tomcat/servlet/webapps/docs]
04-Sep-2020 18:49:47.119 信息 [main] org.apache.catalina.startup.HostConfig.deployDirectory Web应用程序目录[/Users/mhc/work/javaLib/Tomcat/servlet/webapps/docs]的部署已在[185]毫秒内完成
04-Sep-2020 18:49:47.119 信息 [main] org.apache.catalina.startup.HostConfig.deployDirectory 把web 应用程序部署到目录 [/Users/mhc/work/javaLib/Tomcat/servlet/webapps/manager]
04-Sep-2020 18:49:47.153 信息 [main] org.apache.catalina.startup.HostConfig.deployDirectory Web应用程序目录[/Users/mhc/work/javaLib/Tomcat/servlet/webapps/manager]的部署已在[34]毫秒内完成
04-Sep-2020 18:49:47.154 信息 [main] org.apache.catalina.startup.HostConfig.deployDirectory 把web 应用程序部署到目录 [/Users/mhc/work/javaLib/Tomcat/servlet/webapps/examples]
04-Sep-2020 18:49:47.335 信息 [main] org.apache.catalina.startup.HostConfig.deployDirectory Web应用程序目录[/Users/mhc/work/javaLib/Tomcat/servlet/webapps/examples]的部署已在[182]毫秒内完成
04-Sep-2020 18:49:47.336 信息 [main] org.apache.catalina.startup.HostConfig.deployDirectory 把web 应用程序部署到目录 [/Users/mhc/work/javaLib/Tomcat/servlet/webapps/ROOT]
04-Sep-2020 18:49:47.356 信息 [main] org.apache.catalina.startup.HostConfig.deployDirectory Web应用程序目录[/Users/mhc/work/javaLib/Tomcat/servlet/webapps/ROOT]的部署已在[20]毫秒内完成
04-Sep-2020 18:49:47.357 信息 [main] org.apache.catalina.startup.HostConfig.deployDirectory 把web 应用程序部署到目录 [/Users/mhc/work/javaLib/Tomcat/servlet/webapps/host-manager]
04-Sep-2020 18:49:47.371 信息 [main] org.apache.catalina.startup.HostConfig.deployDirectory Web应用程序目录[/Users/mhc/work/javaLib/Tomcat/servlet/webapps/host-manager]的部署已在[14]毫秒内完成
04-Sep-2020 18:49:47.373 信息 [main] org.apache.coyote.AbstractProtocol.start 开始协议处理句柄["http-nio-8080"]
04-Sep-2020 18:49:47.379 信息 [main] org.apache.catalina.startup.Catalina.start [482]毫秒后服务器启动
04-Sep-2020 19:01:48.827 信息 [main] org.apache.catalina.startup.VersionLoggerListener.log Server.服务器版本: Apache Tomcat/9.0.37
04-Sep-2020 19:01:48.830 信息 [main] org.apache.catalina.startup.VersionLoggerListener.log 服务器构建:        Jun 30 2020 20:09:49 UTC
04-Sep-2020 19:01:48.830 信息 [main] org.apache.catalina.startup.VersionLoggerListener.log 服务器版本号(:     9.0.37.0
04-Sep-2020 19:01:48.830 信息 [main] org.apache.catalina.startup.VersionLoggerListener.log 操作系统名称:      Mac OS X
04-Sep-2020 19:01:48.830 信息 [main] org.apache.catalina.startup.VersionLoggerListener.log OS.版本:           10.15.6
04-Sep-2020 19:01:48.830 信息 [main] org.apache.catalina.startup.VersionLoggerListener.log 架构:              x86_64
04-Sep-2020 19:01:48.830 信息 [main] org.apache.catalina.startup.VersionLoggerListener.log Java 环境变量:     /Library/Java/JavaVirtualMachines/jdk-14.0.2.jdk/Contents/Home
04-Sep-2020 19:01:48.830 信息 [main] org.apache.catalina.startup.VersionLoggerListener.log Java虚拟机版本:    14.0.2+12-46
04-Sep-2020 19:01:48.831 信息 [main] org.apache.catalina.startup.VersionLoggerListener.log JVM.供应商:        Oracle Corporation
04-Sep-2020 19:01:48.831 信息 [main] org.apache.catalina.startup.VersionLoggerListener.log CATALINA_BASE:     /Users/mhc/work/javaLib/Tomcat/servlet
04-Sep-2020 19:01:48.831 信息 [main] org.apache.catalina.startup.VersionLoggerListener.log CATALINA_HOME:     /Users/mhc/work/javaLib/Tomcat/servlet
04-Sep-2020 19:01:48.842 信息 [main] org.apache.catalina.startup.VersionLoggerListener.log 命令行参数：--add-opens=java.base/java.lang=ALL-UNNAMED
04-Sep-2020 19:01:48.842 信息 [main] org.apache.catalina.startup.VersionLoggerListener.log 命令行参数：--add-opens=java.base/java.io=ALL-UNNAMED
04-Sep-2020 19:01:48.842 信息 [main] org.apache.catalina.startup.VersionLoggerListener.log 命令行参数：--add-opens=java.rmi/sun.rmi.transport=ALL-UNNAMED
04-Sep-2020 19:01:48.842 信息 [main] org.apache.catalina.startup.VersionLoggerListener.log 命令行参数：-Djava.util.logging.config.file=/Users/mhc/work/javaLib/Tomcat/servlet/conf/logging.properties
04-Sep-2020 19:01:48.842 信息 [main] org.apache.catalina.startup.VersionLoggerListener.log 命令行参数：-Djava.util.logging.manager=org.apache.juli.ClassLoaderLogManager
04-Sep-2020 19:01:48.842 信息 [main] org.apache.catalina.startup.VersionLoggerListener.log 命令行参数：-Djdk.tls.ephemeralDHKeySize=2048
04-Sep-2020 19:01:48.842 信息 [main] org.apache.catalina.startup.VersionLoggerListener.log 命令行参数：-Djava.protocol.handler.pkgs=org.apache.catalina.webresources
04-Sep-2020 19:01:48.842 信息 [main] org.apache.catalina.startup.VersionLoggerListener.log 命令行参数：-Dorg.apache.catalina.security.SecurityListener.UMASK=0027
04-Sep-2020 19:01:48.843 信息 [main] org.apache.catalina.startup.VersionLoggerListener.log 命令行参数：-Dignore.endorsed.dirs=
04-Sep-2020 19:01:48.843 信息 [main] org.apache.catalina.startup.VersionLoggerListener.log 命令行参数：-Dcatalina.base=/Users/mhc/work/javaLib/Tomcat/servlet
04-Sep-2020 19:01:48.843 信息 [main] org.apache.catalina.startup.VersionLoggerListener.log 命令行参数：-Dcatalina.home=/Users/mhc/work/javaLib/Tomcat/servlet
04-Sep-2020 19:01:48.843 信息 [main] org.apache.catalina.startup.VersionLoggerListener.log 命令行参数：-Djava.io.tmpdir=/Users/mhc/work/javaLib/Tomcat/servlet/temp
04-Sep-2020 19:01:48.843 信息 [main] org.apache.catalina.core.AprLifecycleListener.lifecycleEvent 在java.library.path:[/Users/mhc/Library/Java/Extensions:/Library/Java/Extensions:/Network/Library/Java/Extensions:/System/Library/Java/Extensions:/usr/lib/java:.]上找不到基于APR的Apache Tomcat本机库，该库允许在生产环境中获得最佳性能
04-Sep-2020 19:01:49.046 信息 [main] org.apache.coyote.AbstractProtocol.init 初始化协议处理器 ["http-nio-8080"]
04-Sep-2020 19:01:49.072 严重 [main] org.apache.catalina.util.LifecycleBase.handleSubClassException 初始化组件[Connector[HTTP/1.1-8080]]失败。
	org.apache.catalina.LifecycleException: 协议处理程序初始化失败
		at org.apache.catalina.connector.Connector.initInternal(Connector.java:1042)
		at org.apache.catalina.util.LifecycleBase.init(LifecycleBase.java:136)
		at org.apache.catalina.core.StandardService.initInternal(StandardService.java:533)
		at org.apache.catalina.util.LifecycleBase.init(LifecycleBase.java:136)
		at org.apache.catalina.core.StandardServer.initInternal(StandardServer.java:1057)
		at org.apache.catalina.util.LifecycleBase.init(LifecycleBase.java:136)
		at org.apache.catalina.startup.Catalina.load(Catalina.java:690)
		at org.apache.catalina.startup.Catalina.load(Catalina.java:712)
		at java.base/jdk.internal.reflect.NativeMethodAccessorImpl.invoke0(Native Method)
		at java.base/jdk.internal.reflect.NativeMethodAccessorImpl.invoke(NativeMethodAccessorImpl.java:62)
		at java.base/jdk.internal.reflect.DelegatingMethodAccessorImpl.invoke(DelegatingMethodAccessorImpl.java:43)
		at java.base/java.lang.reflect.Method.invoke(Method.java:564)
		at org.apache.catalina.startup.Bootstrap.load(Bootstrap.java:302)
		at org.apache.catalina.startup.Bootstrap.main(Bootstrap.java:472)
	Caused by: java.net.BindException: Address already in use
		at java.base/sun.nio.ch.Net.bind0(Native Method)
		at java.base/sun.nio.ch.Net.bind(Net.java:479)
		at java.base/sun.nio.ch.Net.bind(Net.java:468)
		at java.base/sun.nio.ch.ServerSocketChannelImpl.bind(ServerSocketChannelImpl.java:220)
		at java.base/sun.nio.ch.ServerSocketAdaptor.bind(ServerSocketAdaptor.java:88)
		at org.apache.tomcat.util.net.NioEndpoint.initServerSocket(NioEndpoint.java:228)
		at org.apache.tomcat.util.net.NioEndpoint.bind(NioEndpoint.java:211)
		at org.apache.tomcat.util.net.AbstractEndpoint.bindWithCleanup(AbstractEndpoint.java:1141)
		at org.apache.tomcat.util.net.AbstractEndpoint.init(AbstractEndpoint.java:1154)
		at org.apache.coyote.AbstractProtocol.init(AbstractProtocol.java:581)
		at org.apache.coyote.http11.AbstractHttp11Protocol.init(AbstractHttp11Protocol.java:74)
		at org.apache.catalina.connector.Connector.initInternal(Connector.java:1039)
		... 13 more
04-Sep-2020 19:01:49.073 信息 [main] org.apache.catalina.startup.Catalina.load 服务器在[395]毫秒内初始化
04-Sep-2020 19:01:49.106 信息 [main] org.apache.catalina.core.StandardService.startInternal 正在启动服务[Catalina]
04-Sep-2020 19:01:49.107 信息 [main] org.apache.catalina.core.StandardEngine.startInternal 正在启动 Servlet 引擎：[Apache Tomcat/9.0.37]
04-Sep-2020 19:01:49.114 信息 [main] org.apache.catalina.startup.HostConfig.deployDirectory 把web 应用程序部署到目录 [/Users/mhc/work/javaLib/Tomcat/servlet/webapps/docs]
04-Sep-2020 19:01:49.295 信息 [main] org.apache.catalina.startup.HostConfig.deployDirectory Web应用程序目录[/Users/mhc/work/javaLib/Tomcat/servlet/webapps/docs]的部署已在[179]毫秒内完成
04-Sep-2020 19:01:49.295 信息 [main] org.apache.catalina.startup.HostConfig.deployDirectory 把web 应用程序部署到目录 [/Users/mhc/work/javaLib/Tomcat/servlet/webapps/manager]
04-Sep-2020 19:01:49.322 信息 [main] org.apache.catalina.startup.HostConfig.deployDirectory Web应用程序目录[/Users/mhc/work/javaLib/Tomcat/servlet/webapps/manager]的部署已在[27]毫秒内完成
04-Sep-2020 19:01:49.322 信息 [main] org.apache.catalina.startup.HostConfig.deployDirectory 把web 应用程序部署到目录 [/Users/mhc/work/javaLib/Tomcat/servlet/webapps/examples]
04-Sep-2020 19:01:49.526 信息 [main] org.apache.catalina.startup.HostConfig.deployDirectory Web应用程序目录[/Users/mhc/work/javaLib/Tomcat/servlet/webapps/examples]的部署已在[204]毫秒内完成
04-Sep-2020 19:01:49.526 信息 [main] org.apache.catalina.startup.HostConfig.deployDirectory 把web 应用程序部署到目录 [/Users/mhc/work/javaLib/Tomcat/servlet/webapps/ROOT]
04-Sep-2020 19:01:49.556 信息 [main] org.apache.catalina.startup.HostConfig.deployDirectory Web应用程序目录[/Users/mhc/work/javaLib/Tomcat/servlet/webapps/ROOT]的部署已在[29]毫秒内完成
04-Sep-2020 19:01:49.556 信息 [main] org.apache.catalina.startup.HostConfig.deployDirectory 把web 应用程序部署到目录 [/Users/mhc/work/javaLib/Tomcat/servlet/webapps/host-manager]
04-Sep-2020 19:01:49.574 信息 [main] org.apache.catalina.startup.HostConfig.deployDirectory Web应用程序目录[/Users/mhc/work/javaLib/Tomcat/servlet/webapps/host-manager]的部署已在[18]毫秒内完成
04-Sep-2020 19:01:49.577 信息 [main] org.apache.catalina.startup.Catalina.start [503]毫秒后服务器启动
04-Sep-2020 19:01:49.581 严重 [main] org.apache.catalina.core.StandardServer.await 无法在地址[localhost]和端口[8005]上创建服务器关闭套接字（基本端口[8005]和偏移量[0]）
	java.net.BindException: Address already in use
		at java.base/sun.nio.ch.Net.bind0(Native Method)
		at java.base/sun.nio.ch.Net.bind(Net.java:479)
		at java.base/sun.nio.ch.Net.bind(Net.java:468)
		at java.base/sun.nio.ch.NioSocketImpl.bind(NioSocketImpl.java:643)
		at java.base/java.net.ServerSocket.bind(ServerSocket.java:396)
		at java.base/java.net.ServerSocket.<init>(ServerSocket.java:282)
		at org.apache.catalina.core.StandardServer.await(StandardServer.java:584)
		at org.apache.catalina.startup.Catalina.await(Catalina.java:825)
		at org.apache.catalina.startup.Catalina.start(Catalina.java:771)
		at java.base/jdk.internal.reflect.NativeMethodAccessorImpl.invoke0(Native Method)
		at java.base/jdk.internal.reflect.NativeMethodAccessorImpl.invoke(NativeMethodAccessorImpl.java:62)
		at java.base/jdk.internal.reflect.DelegatingMethodAccessorImpl.invoke(DelegatingMethodAccessorImpl.java:43)
		at java.base/java.lang.reflect.Method.invoke(Method.java:564)
		at org.apache.catalina.startup.Bootstrap.start(Bootstrap.java:342)
		at org.apache.catalina.startup.Bootstrap.main(Bootstrap.java:473)
04-Sep-2020 19:01:49.582 信息 [main] org.apache.coyote.AbstractProtocol.pause 暂停ProtocolHandler["http-nio-8080"]
04-Sep-2020 19:01:49.582 信息 [main] org.apache.catalina.core.StandardService.stopInternal 正在停止服务[Catalina]
04-Sep-2020 19:01:49.594 信息 [main] org.apache.coyote.AbstractProtocol.stop 正在停止ProtocolHandler ["http-nio-8080"]
04-Sep-2020 19:01:49.595 信息 [main] org.apache.coyote.AbstractProtocol.destroy 正在摧毁协议处理器 ["http-nio-8080"]
04-Sep-2020 19:03:09.748 信息 [main] org.apache.catalina.core.StandardServer.await 通过关闭端口接收到有效的关闭命令。正在停止服务器实例。
04-Sep-2020 19:03:09.748 信息 [main] org.apache.coyote.AbstractProtocol.pause 暂停ProtocolHandler["http-nio-8080"]
04-Sep-2020 19:03:09.752 信息 [main] org.apache.catalina.core.StandardService.stopInternal 正在停止服务[Catalina]
04-Sep-2020 19:03:09.768 信息 [main] org.apache.coyote.AbstractProtocol.stop 正在停止ProtocolHandler ["http-nio-8080"]
04-Sep-2020 19:03:09.771 信息 [main] org.apache.coyote.AbstractProtocol.destroy 正在摧毁协议处理器 ["http-nio-8080"]
04-Sep-2020 19:05:02.902 信息 [main] org.apache.catalina.startup.VersionLoggerListener.log Server.服务器版本: Apache Tomcat/9.0.37
04-Sep-2020 19:05:02.905 信息 [main] org.apache.catalina.startup.VersionLoggerListener.log 服务器构建:        Jun 30 2020 20:09:49 UTC
04-Sep-2020 19:05:02.905 信息 [main] org.apache.catalina.startup.VersionLoggerListener.log 服务器版本号(:     9.0.37.0
04-Sep-2020 19:05:02.905 信息 [main] org.apache.catalina.startup.VersionLoggerListener.log 操作系统名称:      Mac OS X
04-Sep-2020 19:05:02.905 信息 [main] org.apache.catalina.startup.VersionLoggerListener.log OS.版本:           10.15.6
04-Sep-2020 19:05:02.905 信息 [main] org.apache.catalina.startup.VersionLoggerListener.log 架构:              x86_64
04-Sep-2020 19:05:02.906 信息 [main] org.apache.catalina.startup.VersionLoggerListener.log Java 环境变量:     /Library/Java/JavaVirtualMachines/jdk-14.0.2.jdk/Contents/Home
04-Sep-2020 19:05:02.906 信息 [main] org.apache.catalina.startup.VersionLoggerListener.log Java虚拟机版本:    14.0.2+12-46
04-Sep-2020 19:05:02.906 信息 [main] org.apache.catalina.startup.VersionLoggerListener.log JVM.供应商:        Oracle Corporation
04-Sep-2020 19:05:02.906 信息 [main] org.apache.catalina.startup.VersionLoggerListener.log CATALINA_BASE:     /Users/mhc/work/javaLib/Tomcat/servlet
04-Sep-2020 19:05:02.906 信息 [main] org.apache.catalina.startup.VersionLoggerListener.log CATALINA_HOME:     /Users/mhc/work/javaLib/Tomcat/servlet
04-Sep-2020 19:05:02.917 信息 [main] org.apache.catalina.startup.VersionLoggerListener.log 命令行参数：--add-opens=java.base/java.lang=ALL-UNNAMED
04-Sep-2020 19:05:02.917 信息 [main] org.apache.catalina.startup.VersionLoggerListener.log 命令行参数：--add-opens=java.base/java.io=ALL-UNNAMED
04-Sep-2020 19:05:02.917 信息 [main] org.apache.catalina.startup.VersionLoggerListener.log 命令行参数：--add-opens=java.rmi/sun.rmi.transport=ALL-UNNAMED
04-Sep-2020 19:05:02.917 信息 [main] org.apache.catalina.startup.VersionLoggerListener.log 命令行参数：-Djava.util.logging.config.file=/Users/mhc/work/javaLib/Tomcat/servlet/conf/logging.properties
04-Sep-2020 19:05:02.917 信息 [main] org.apache.catalina.startup.VersionLoggerListener.log 命令行参数：-Djava.util.logging.manager=org.apache.juli.ClassLoaderLogManager
04-Sep-2020 19:05:02.918 信息 [main] org.apache.catalina.startup.VersionLoggerListener.log 命令行参数：-Djdk.tls.ephemeralDHKeySize=2048
04-Sep-2020 19:05:02.918 信息 [main] org.apache.catalina.startup.VersionLoggerListener.log 命令行参数：-Djava.protocol.handler.pkgs=org.apache.catalina.webresources
04-Sep-2020 19:05:02.918 信息 [main] org.apache.catalina.startup.VersionLoggerListener.log 命令行参数：-Dorg.apache.catalina.security.SecurityListener.UMASK=0027
04-Sep-2020 19:05:02.918 信息 [main] org.apache.catalina.startup.VersionLoggerListener.log 命令行参数：-Dignore.endorsed.dirs=
04-Sep-2020 19:05:02.918 信息 [main] org.apache.catalina.startup.VersionLoggerListener.log 命令行参数：-Dcatalina.base=/Users/mhc/work/javaLib/Tomcat/servlet
04-Sep-2020 19:05:02.918 信息 [main] org.apache.catalina.startup.VersionLoggerListener.log 命令行参数：-Dcatalina.home=/Users/mhc/work/javaLib/Tomcat/servlet
04-Sep-2020 19:05:02.918 信息 [main] org.apache.catalina.startup.VersionLoggerListener.log 命令行参数：-Djava.io.tmpdir=/Users/mhc/work/javaLib/Tomcat/servlet/temp
04-Sep-2020 19:05:02.918 信息 [main] org.apache.catalina.core.AprLifecycleListener.lifecycleEvent 在java.library.path:[/Users/mhc/Library/Java/Extensions:/Library/Java/Extensions:/Network/Library/Java/Extensions:/System/Library/Java/Extensions:/usr/lib/java:.]上找不到基于APR的Apache Tomcat本机库，该库允许在生产环境中获得最佳性能
04-Sep-2020 19:05:03.128 信息 [main] org.apache.coyote.AbstractProtocol.init 初始化协议处理器 ["http-nio-8080"]
04-Sep-2020 19:05:03.158 信息 [main] org.apache.catalina.startup.Catalina.load 服务器在[405]毫秒内初始化
04-Sep-2020 19:05:03.181 信息 [main] org.apache.catalina.core.StandardService.startInternal 正在启动服务[Catalina]
04-Sep-2020 19:05:03.182 信息 [main] org.apache.catalina.core.StandardEngine.startInternal 正在启动 Servlet 引擎：[Apache Tomcat/9.0.37]
04-Sep-2020 19:05:03.186 信息 [main] org.apache.catalina.startup.HostConfig.deployDirectory 把web 应用程序部署到目录 [/Users/mhc/work/javaLib/Tomcat/servlet/webapps/docs]
04-Sep-2020 19:05:03.380 信息 [main] org.apache.catalina.startup.HostConfig.deployDirectory Web应用程序目录[/Users/mhc/work/javaLib/Tomcat/servlet/webapps/docs]的部署已在[192]毫秒内完成
04-Sep-2020 19:05:03.380 信息 [main] org.apache.catalina.startup.HostConfig.deployDirectory 把web 应用程序部署到目录 [/Users/mhc/work/javaLib/Tomcat/servlet/webapps/manager]
04-Sep-2020 19:05:03.416 信息 [main] org.apache.catalina.startup.HostConfig.deployDirectory Web应用程序目录[/Users/mhc/work/javaLib/Tomcat/servlet/webapps/manager]的部署已在[35]毫秒内完成
04-Sep-2020 19:05:03.416 信息 [main] org.apache.catalina.startup.HostConfig.deployDirectory 把web 应用程序部署到目录 [/Users/mhc/work/javaLib/Tomcat/servlet/webapps/examples]
04-Sep-2020 19:05:03.623 信息 [main] org.apache.catalina.startup.HostConfig.deployDirectory Web应用程序目录[/Users/mhc/work/javaLib/Tomcat/servlet/webapps/examples]的部署已在[207]毫秒内完成
04-Sep-2020 19:05:03.624 信息 [main] org.apache.catalina.startup.HostConfig.deployDirectory 把web 应用程序部署到目录 [/Users/mhc/work/javaLib/Tomcat/servlet/webapps/ROOT]
04-Sep-2020 19:05:03.655 信息 [main] org.apache.catalina.startup.HostConfig.deployDirectory Web应用程序目录[/Users/mhc/work/javaLib/Tomcat/servlet/webapps/ROOT]的部署已在[31]毫秒内完成
04-Sep-2020 19:05:03.655 信息 [main] org.apache.catalina.startup.HostConfig.deployDirectory 把web 应用程序部署到目录 [/Users/mhc/work/javaLib/Tomcat/servlet/webapps/host-manager]
04-Sep-2020 19:05:03.672 信息 [main] org.apache.catalina.startup.HostConfig.deployDirectory Web应用程序目录[/Users/mhc/work/javaLib/Tomcat/servlet/webapps/host-manager]的部署已在[17]毫秒内完成
04-Sep-2020 19:05:03.675 信息 [main] org.apache.coyote.AbstractProtocol.start 开始协议处理句柄["http-nio-8080"]
04-Sep-2020 19:05:03.681 信息 [main] org.apache.catalina.startup.Catalina.start [521]毫秒后服务器启动
