04-Sep-2020 14:51:06.137 信息 [main] org.apache.catalina.core.ApplicationContext.log SessionListener: contextDestroyed()
04-Sep-2020 14:51:06.137 信息 [main] org.apache.catalina.core.ApplicationContext.log ContextListener: contextDestroyed()
04-Sep-2020 14:51:14.592 信息 [main] org.apache.catalina.core.ApplicationContext.log ContextListener: contextInitialized()
04-Sep-2020 14:51:14.592 信息 [main] org.apache.catalina.core.ApplicationContext.log SessionListener: contextInitialized()
04-Sep-2020 14:51:14.593 信息 [main] org.apache.catalina.core.ApplicationContext.log ContextListener: attributeAdded('StockTicker', 'async.Stockticker@6731787b')
04-Sep-2020 15:10:36.228 信息 [main] org.apache.catalina.core.ApplicationContext.log SessionListener: contextDestroyed()
04-Sep-2020 15:10:36.228 信息 [main] org.apache.catalina.core.ApplicationContext.log ContextListener: contextDestroyed()
04-Sep-2020 15:31:17.938 信息 [main] org.apache.catalina.core.ApplicationContext.log ContextListener: contextInitialized()
04-Sep-2020 15:31:17.938 信息 [main] org.apache.catalina.core.ApplicationContext.log SessionListener: contextInitialized()
04-Sep-2020 15:31:17.939 信息 [main] org.apache.catalina.core.ApplicationContext.log ContextListener: attributeAdded('StockTicker', 'async.Stockticker@7adf16aa')
04-Sep-2020 15:53:28.944 信息 [main] org.apache.catalina.core.ApplicationContext.log SessionListener: contextDestroyed()
04-Sep-2020 15:53:28.944 信息 [main] org.apache.catalina.core.ApplicationContext.log ContextListener: contextDestroyed()
04-Sep-2020 15:53:35.954 信息 [main] org.apache.catalina.core.ApplicationContext.log ContextListener: contextInitialized()
04-Sep-2020 15:53:35.954 信息 [main] org.apache.catalina.core.ApplicationContext.log SessionListener: contextInitialized()
04-Sep-2020 15:53:35.955 信息 [main] org.apache.catalina.core.ApplicationContext.log ContextListener: attributeAdded('StockTicker', 'async.Stockticker@58bf8650')
04-Sep-2020 15:55:28.746 信息 [main] org.apache.catalina.core.ApplicationContext.log SessionListener: contextDestroyed()
04-Sep-2020 15:55:28.746 信息 [main] org.apache.catalina.core.ApplicationContext.log ContextListener: contextDestroyed()
04-Sep-2020 15:55:31.537 信息 [main] org.apache.catalina.core.ApplicationContext.log ContextListener: contextInitialized()
04-Sep-2020 15:55:31.537 信息 [main] org.apache.catalina.core.ApplicationContext.log SessionListener: contextInitialized()
04-Sep-2020 15:55:31.539 信息 [main] org.apache.catalina.core.ApplicationContext.log ContextListener: attributeAdded('StockTicker', 'async.Stockticker@7adf16aa')
04-Sep-2020 15:56:23.311 信息 [main] org.apache.catalina.core.ApplicationContext.log SessionListener: contextDestroyed()
04-Sep-2020 15:56:23.311 信息 [main] org.apache.catalina.core.ApplicationContext.log ContextListener: contextDestroyed()
04-Sep-2020 15:56:25.875 信息 [main] org.apache.catalina.core.ApplicationContext.log ContextListener: contextInitialized()
04-Sep-2020 15:56:25.875 信息 [main] org.apache.catalina.core.ApplicationContext.log SessionListener: contextInitialized()
04-Sep-2020 15:56:25.876 信息 [main] org.apache.catalina.core.ApplicationContext.log ContextListener: attributeAdded('StockTicker', 'async.Stockticker@7adf16aa')
04-Sep-2020 17:47:18.844 信息 [main] org.apache.catalina.core.ApplicationContext.log SessionListener: contextDestroyed()
04-Sep-2020 17:47:18.844 信息 [main] org.apache.catalina.core.ApplicationContext.log ContextListener: contextDestroyed()
04-Sep-2020 17:47:27.485 信息 [main] org.apache.catalina.core.ApplicationContext.log ContextListener: contextInitialized()
04-Sep-2020 17:47:27.485 信息 [main] org.apache.catalina.core.ApplicationContext.log SessionListener: contextInitialized()
04-Sep-2020 17:47:27.487 信息 [main] org.apache.catalina.core.ApplicationContext.log ContextListener: attributeAdded('StockTicker', 'async.Stockticker@58bf8650')
04-Sep-2020 18:03:26.612 信息 [main] org.apache.catalina.core.ApplicationContext.log SessionListener: contextDestroyed()
04-Sep-2020 18:03:26.612 信息 [main] org.apache.catalina.core.ApplicationContext.log ContextListener: contextDestroyed()
04-Sep-2020 18:03:33.190 信息 [main] org.apache.catalina.core.ApplicationContext.log ContextListener: contextInitialized()
04-Sep-2020 18:03:33.190 信息 [main] org.apache.catalina.core.ApplicationContext.log SessionListener: contextInitialized()
04-Sep-2020 18:03:33.191 信息 [main] org.apache.catalina.core.ApplicationContext.log ContextListener: attributeAdded('StockTicker', 'async.Stockticker@58bf8650')
04-Sep-2020 18:04:21.459 信息 [main] org.apache.catalina.core.ApplicationContext.log SessionListener: contextDestroyed()
04-Sep-2020 18:04:21.459 信息 [main] org.apache.catalina.core.ApplicationContext.log ContextListener: contextDestroyed()
04-Sep-2020 18:04:24.974 信息 [main] org.apache.catalina.core.ApplicationContext.log ContextListener: contextInitialized()
04-Sep-2020 18:04:24.974 信息 [main] org.apache.catalina.core.ApplicationContext.log SessionListener: contextInitialized()
04-Sep-2020 18:04:24.976 信息 [main] org.apache.catalina.core.ApplicationContext.log ContextListener: attributeAdded('StockTicker', 'async.Stockticker@58bf8650')
04-Sep-2020 18:05:37.114 信息 [main] org.apache.catalina.core.ApplicationContext.log SessionListener: contextDestroyed()
04-Sep-2020 18:05:37.114 信息 [main] org.apache.catalina.core.ApplicationContext.log ContextListener: contextDestroyed()
04-Sep-2020 18:05:39.488 信息 [main] org.apache.catalina.core.ApplicationContext.log ContextListener: contextInitialized()
04-Sep-2020 18:05:39.488 信息 [main] org.apache.catalina.core.ApplicationContext.log SessionListener: contextInitialized()
04-Sep-2020 18:05:39.489 信息 [main] org.apache.catalina.core.ApplicationContext.log ContextListener: attributeAdded('StockTicker', 'async.Stockticker@58bf8650')
04-Sep-2020 18:06:53.212 信息 [main] org.apache.catalina.core.ApplicationContext.log SessionListener: contextDestroyed()
04-Sep-2020 18:06:53.212 信息 [main] org.apache.catalina.core.ApplicationContext.log ContextListener: contextDestroyed()
04-Sep-2020 18:06:59.039 信息 [main] org.apache.catalina.core.ApplicationContext.log ContextListener: contextInitialized()
04-Sep-2020 18:06:59.039 信息 [main] org.apache.catalina.core.ApplicationContext.log SessionListener: contextInitialized()
04-Sep-2020 18:06:59.040 信息 [main] org.apache.catalina.core.ApplicationContext.log ContextListener: attributeAdded('StockTicker', 'async.Stockticker@58bf8650')
04-Sep-2020 18:19:02.110 信息 [main] org.apache.catalina.core.ApplicationContext.log SessionListener: contextDestroyed()
04-Sep-2020 18:19:02.110 信息 [main] org.apache.catalina.core.ApplicationContext.log ContextListener: contextDestroyed()
04-Sep-2020 18:49:47.332 信息 [main] org.apache.catalina.core.ApplicationContext.log ContextListener: contextInitialized()
04-Sep-2020 18:49:47.332 信息 [main] org.apache.catalina.core.ApplicationContext.log SessionListener: contextInitialized()
04-Sep-2020 18:49:47.332 信息 [main] org.apache.catalina.core.ApplicationContext.log ContextListener: attributeAdded('StockTicker', 'async.Stockticker@7383eae2')
04-Sep-2020 19:01:49.522 信息 [main] org.apache.catalina.core.ApplicationContext.log ContextListener: contextInitialized()
04-Sep-2020 19:01:49.522 信息 [main] org.apache.catalina.core.ApplicationContext.log SessionListener: contextInitialized()
04-Sep-2020 19:01:49.523 信息 [main] org.apache.catalina.core.ApplicationContext.log ContextListener: attributeAdded('StockTicker', 'async.Stockticker@6d24ffa1')
04-Sep-2020 19:01:49.588 信息 [main] org.apache.catalina.core.ApplicationContext.log SessionListener: contextDestroyed()
04-Sep-2020 19:01:49.588 信息 [main] org.apache.catalina.core.ApplicationContext.log ContextListener: contextDestroyed()
04-Sep-2020 19:03:09.759 信息 [main] org.apache.catalina.core.ApplicationContext.log SessionListener: contextDestroyed()
04-Sep-2020 19:03:09.759 信息 [main] org.apache.catalina.core.ApplicationContext.log ContextListener: contextDestroyed()
04-Sep-2020 19:05:03.619 信息 [main] org.apache.catalina.core.ApplicationContext.log ContextListener: contextInitialized()
04-Sep-2020 19:05:03.619 信息 [main] org.apache.catalina.core.ApplicationContext.log SessionListener: contextInitialized()
04-Sep-2020 19:05:03.620 信息 [main] org.apache.catalina.core.ApplicationContext.log ContextListener: attributeAdded('StockTicker', 'async.Stockticker@58bf8650')
