07-Sep-2020 10:55:18.831 信息 [main] org.apache.catalina.core.ApplicationContext.log ContextListener: contextInitialized()
07-Sep-2020 10:55:18.831 信息 [main] org.apache.catalina.core.ApplicationContext.log SessionListener: contextInitialized()
07-Sep-2020 10:55:18.832 信息 [main] org.apache.catalina.core.ApplicationContext.log ContextListener: attributeAdded('StockTicker', 'async.Stockticker@21d8bcbe')
07-Sep-2020 14:49:39.420 信息 [main] org.apache.catalina.core.ApplicationContext.log SessionListener: contextDestroyed()
07-Sep-2020 14:49:39.420 信息 [main] org.apache.catalina.core.ApplicationContext.log ContextListener: contextDestroyed()
07-Sep-2020 14:49:43.955 信息 [main] org.apache.catalina.core.ApplicationContext.log ContextListener: contextInitialized()
07-Sep-2020 14:49:43.955 信息 [main] org.apache.catalina.core.ApplicationContext.log SessionListener: contextInitialized()
07-Sep-2020 14:49:43.956 信息 [main] org.apache.catalina.core.ApplicationContext.log ContextListener: attributeAdded('StockTicker', 'async.Stockticker@21d8bcbe')
07-Sep-2020 14:50:36.617 信息 [main] org.apache.catalina.core.ApplicationContext.log SessionListener: contextDestroyed()
07-Sep-2020 14:50:36.617 信息 [main] org.apache.catalina.core.ApplicationContext.log ContextListener: contextDestroyed()
07-Sep-2020 14:50:43.526 信息 [main] org.apache.catalina.core.ApplicationContext.log ContextListener: contextInitialized()
07-Sep-2020 14:50:43.526 信息 [main] org.apache.catalina.core.ApplicationContext.log SessionListener: contextInitialized()
07-Sep-2020 14:50:43.527 信息 [main] org.apache.catalina.core.ApplicationContext.log ContextListener: attributeAdded('StockTicker', 'async.Stockticker@71ae31b0')
07-Sep-2020 15:04:40.564 信息 [main] org.apache.catalina.core.ApplicationContext.log SessionListener: contextDestroyed()
07-Sep-2020 15:04:40.564 信息 [main] org.apache.catalina.core.ApplicationContext.log ContextListener: contextDestroyed()
07-Sep-2020 15:04:46.152 信息 [main] org.apache.catalina.core.ApplicationContext.log ContextListener: contextInitialized()
07-Sep-2020 15:04:46.152 信息 [main] org.apache.catalina.core.ApplicationContext.log SessionListener: contextInitialized()
07-Sep-2020 15:04:46.153 信息 [main] org.apache.catalina.core.ApplicationContext.log ContextListener: attributeAdded('StockTicker', 'async.Stockticker@58bf8650')
07-Sep-2020 15:05:45.689 信息 [main] org.apache.catalina.core.ApplicationContext.log SessionListener: contextDestroyed()
07-Sep-2020 15:05:45.689 信息 [main] org.apache.catalina.core.ApplicationContext.log ContextListener: contextDestroyed()
07-Sep-2020 15:05:53.093 信息 [main] org.apache.catalina.core.ApplicationContext.log ContextListener: contextInitialized()
07-Sep-2020 15:05:53.093 信息 [main] org.apache.catalina.core.ApplicationContext.log SessionListener: contextInitialized()
07-Sep-2020 15:05:53.094 信息 [main] org.apache.catalina.core.ApplicationContext.log ContextListener: attributeAdded('StockTicker', 'async.Stockticker@58bf8650')
07-Sep-2020 15:06:27.972 信息 [main] org.apache.catalina.core.ApplicationContext.log SessionListener: contextDestroyed()
07-Sep-2020 15:06:27.972 信息 [main] org.apache.catalina.core.ApplicationContext.log ContextListener: contextDestroyed()
07-Sep-2020 15:06:32.079 信息 [main] org.apache.catalina.core.ApplicationContext.log ContextListener: contextInitialized()
07-Sep-2020 15:06:32.079 信息 [main] org.apache.catalina.core.ApplicationContext.log SessionListener: contextInitialized()
07-Sep-2020 15:06:32.080 信息 [main] org.apache.catalina.core.ApplicationContext.log ContextListener: attributeAdded('StockTicker', 'async.Stockticker@73c60324')
07-Sep-2020 15:08:33.798 信息 [main] org.apache.catalina.core.ApplicationContext.log SessionListener: contextDestroyed()
07-Sep-2020 15:08:33.798 信息 [main] org.apache.catalina.core.ApplicationContext.log ContextListener: contextDestroyed()
07-Sep-2020 16:16:14.973 信息 [main] org.apache.catalina.core.ApplicationContext.log ContextListener: contextInitialized()
07-Sep-2020 16:16:14.973 信息 [main] org.apache.catalina.core.ApplicationContext.log SessionListener: contextInitialized()
07-Sep-2020 16:16:14.974 信息 [main] org.apache.catalina.core.ApplicationContext.log ContextListener: attributeAdded('StockTicker', 'async.Stockticker@71ae31b0')
07-Sep-2020 16:17:28.596 信息 [main] org.apache.catalina.core.ApplicationContext.log SessionListener: contextDestroyed()
07-Sep-2020 16:17:28.596 信息 [main] org.apache.catalina.core.ApplicationContext.log ContextListener: contextDestroyed()
07-Sep-2020 16:17:32.611 信息 [main] org.apache.catalina.core.ApplicationContext.log ContextListener: contextInitialized()
07-Sep-2020 16:17:32.611 信息 [main] org.apache.catalina.core.ApplicationContext.log SessionListener: contextInitialized()
07-Sep-2020 16:17:32.612 信息 [main] org.apache.catalina.core.ApplicationContext.log ContextListener: attributeAdded('StockTicker', 'async.Stockticker@71ae31b0')
07-Sep-2020 16:31:57.607 信息 [main] org.apache.catalina.core.ApplicationContext.log SessionListener: contextDestroyed()
07-Sep-2020 16:31:57.607 信息 [main] org.apache.catalina.core.ApplicationContext.log ContextListener: contextDestroyed()
07-Sep-2020 16:32:01.889 信息 [main] org.apache.catalina.core.ApplicationContext.log ContextListener: contextInitialized()
07-Sep-2020 16:32:01.889 信息 [main] org.apache.catalina.core.ApplicationContext.log SessionListener: contextInitialized()
07-Sep-2020 16:32:01.890 信息 [main] org.apache.catalina.core.ApplicationContext.log ContextListener: attributeAdded('StockTicker', 'async.Stockticker@71ae31b0')
07-Sep-2020 16:42:09.283 信息 [main] org.apache.catalina.core.ApplicationContext.log SessionListener: contextDestroyed()
07-Sep-2020 16:42:09.283 信息 [main] org.apache.catalina.core.ApplicationContext.log ContextListener: contextDestroyed()
07-Sep-2020 16:42:12.401 信息 [main] org.apache.catalina.core.ApplicationContext.log ContextListener: contextInitialized()
07-Sep-2020 16:42:12.401 信息 [main] org.apache.catalina.core.ApplicationContext.log SessionListener: contextInitialized()
07-Sep-2020 16:42:12.402 信息 [main] org.apache.catalina.core.ApplicationContext.log ContextListener: attributeAdded('StockTicker', 'async.Stockticker@7adf16aa')
07-Sep-2020 16:44:37.737 信息 [main] org.apache.catalina.core.ApplicationContext.log SessionListener: contextDestroyed()
07-Sep-2020 16:44:37.737 信息 [main] org.apache.catalina.core.ApplicationContext.log ContextListener: contextDestroyed()
07-Sep-2020 16:44:41.381 信息 [main] org.apache.catalina.core.ApplicationContext.log ContextListener: contextInitialized()
07-Sep-2020 16:44:41.381 信息 [main] org.apache.catalina.core.ApplicationContext.log SessionListener: contextInitialized()
07-Sep-2020 16:44:41.383 信息 [main] org.apache.catalina.core.ApplicationContext.log ContextListener: attributeAdded('StockTicker', 'async.Stockticker@58bf8650')
07-Sep-2020 17:34:26.936 信息 [main] org.apache.catalina.core.ApplicationContext.log SessionListener: contextDestroyed()
07-Sep-2020 17:34:26.936 信息 [main] org.apache.catalina.core.ApplicationContext.log ContextListener: contextDestroyed()
07-Sep-2020 17:34:29.885 信息 [main] org.apache.catalina.core.ApplicationContext.log ContextListener: contextInitialized()
07-Sep-2020 17:34:29.885 信息 [main] org.apache.catalina.core.ApplicationContext.log SessionListener: contextInitialized()
07-Sep-2020 17:34:29.886 信息 [main] org.apache.catalina.core.ApplicationContext.log ContextListener: attributeAdded('StockTicker', 'async.Stockticker@58bf8650')
07-Sep-2020 17:35:03.428 信息 [main] org.apache.catalina.core.ApplicationContext.log SessionListener: contextDestroyed()
07-Sep-2020 17:35:03.428 信息 [main] org.apache.catalina.core.ApplicationContext.log ContextListener: contextDestroyed()
07-Sep-2020 17:35:06.737 信息 [main] org.apache.catalina.core.ApplicationContext.log ContextListener: contextInitialized()
07-Sep-2020 17:35:06.737 信息 [main] org.apache.catalina.core.ApplicationContext.log SessionListener: contextInitialized()
07-Sep-2020 17:35:06.738 信息 [main] org.apache.catalina.core.ApplicationContext.log ContextListener: attributeAdded('StockTicker', 'async.Stockticker@6731787b')
07-Sep-2020 17:37:13.595 信息 [main] org.apache.catalina.core.ApplicationContext.log SessionListener: contextDestroyed()
07-Sep-2020 17:37:13.595 信息 [main] org.apache.catalina.core.ApplicationContext.log ContextListener: contextDestroyed()
07-Sep-2020 17:37:16.450 信息 [main] org.apache.catalina.core.ApplicationContext.log ContextListener: contextInitialized()
07-Sep-2020 17:37:16.450 信息 [main] org.apache.catalina.core.ApplicationContext.log SessionListener: contextInitialized()
07-Sep-2020 17:37:16.451 信息 [main] org.apache.catalina.core.ApplicationContext.log ContextListener: attributeAdded('StockTicker', 'async.Stockticker@71ae31b0')
07-Sep-2020 17:46:54.186 信息 [main] org.apache.catalina.core.ApplicationContext.log SessionListener: contextDestroyed()
07-Sep-2020 17:46:54.186 信息 [main] org.apache.catalina.core.ApplicationContext.log ContextListener: contextDestroyed()
07-Sep-2020 17:46:57.252 信息 [main] org.apache.catalina.core.ApplicationContext.log ContextListener: contextInitialized()
07-Sep-2020 17:46:57.252 信息 [main] org.apache.catalina.core.ApplicationContext.log SessionListener: contextInitialized()
07-Sep-2020 17:46:57.253 信息 [main] org.apache.catalina.core.ApplicationContext.log ContextListener: attributeAdded('StockTicker', 'async.Stockticker@71ae31b0')
07-Sep-2020 17:49:05.487 信息 [main] org.apache.catalina.core.ApplicationContext.log SessionListener: contextDestroyed()
07-Sep-2020 17:49:05.488 信息 [main] org.apache.catalina.core.ApplicationContext.log ContextListener: contextDestroyed()
07-Sep-2020 17:49:09.384 信息 [main] org.apache.catalina.core.ApplicationContext.log ContextListener: contextInitialized()
07-Sep-2020 17:49:09.384 信息 [main] org.apache.catalina.core.ApplicationContext.log SessionListener: contextInitialized()
07-Sep-2020 17:49:09.385 信息 [main] org.apache.catalina.core.ApplicationContext.log ContextListener: attributeAdded('StockTicker', 'async.Stockticker@7adf16aa')
07-Sep-2020 17:51:21.199 信息 [main] org.apache.catalina.core.ApplicationContext.log ContextListener: contextInitialized()
07-Sep-2020 17:51:21.199 信息 [main] org.apache.catalina.core.ApplicationContext.log SessionListener: contextInitialized()
07-Sep-2020 17:51:21.200 信息 [main] org.apache.catalina.core.ApplicationContext.log ContextListener: attributeAdded('StockTicker', 'async.Stockticker@773f7880')
07-Sep-2020 17:51:21.270 信息 [main] org.apache.catalina.core.ApplicationContext.log SessionListener: contextDestroyed()
07-Sep-2020 17:51:21.270 信息 [main] org.apache.catalina.core.ApplicationContext.log ContextListener: contextDestroyed()
07-Sep-2020 17:52:18.702 信息 [main] org.apache.catalina.core.ApplicationContext.log SessionListener: contextDestroyed()
07-Sep-2020 17:52:18.702 信息 [main] org.apache.catalina.core.ApplicationContext.log ContextListener: contextDestroyed()
07-Sep-2020 17:56:32.285 信息 [main] org.apache.catalina.core.ApplicationContext.log ContextListener: contextInitialized()
07-Sep-2020 17:56:32.285 信息 [main] org.apache.catalina.core.ApplicationContext.log SessionListener: contextInitialized()
07-Sep-2020 17:56:32.286 信息 [main] org.apache.catalina.core.ApplicationContext.log ContextListener: attributeAdded('StockTicker', 'async.Stockticker@73c60324')
07-Sep-2020 17:58:02.727 信息 [main] org.apache.catalina.core.ApplicationContext.log SessionListener: contextDestroyed()
07-Sep-2020 17:58:02.727 信息 [main] org.apache.catalina.core.ApplicationContext.log ContextListener: contextDestroyed()
07-Sep-2020 17:58:05.524 信息 [main] org.apache.catalina.core.ApplicationContext.log ContextListener: contextInitialized()
07-Sep-2020 17:58:05.524 信息 [main] org.apache.catalina.core.ApplicationContext.log SessionListener: contextInitialized()
07-Sep-2020 17:58:05.525 信息 [main] org.apache.catalina.core.ApplicationContext.log ContextListener: attributeAdded('StockTicker', 'async.Stockticker@58bf8650')
07-Sep-2020 18:01:13.181 信息 [main] org.apache.catalina.core.ApplicationContext.log SessionListener: contextDestroyed()
07-Sep-2020 18:01:13.181 信息 [main] org.apache.catalina.core.ApplicationContext.log ContextListener: contextDestroyed()
07-Sep-2020 18:01:16.605 信息 [main] org.apache.catalina.core.ApplicationContext.log ContextListener: contextInitialized()
07-Sep-2020 18:01:16.605 信息 [main] org.apache.catalina.core.ApplicationContext.log SessionListener: contextInitialized()
07-Sep-2020 18:01:16.606 信息 [main] org.apache.catalina.core.ApplicationContext.log ContextListener: attributeAdded('StockTicker', 'async.Stockticker@58bf8650')
07-Sep-2020 18:02:10.653 信息 [main] org.apache.catalina.core.ApplicationContext.log SessionListener: contextDestroyed()
07-Sep-2020 18:02:10.653 信息 [main] org.apache.catalina.core.ApplicationContext.log ContextListener: contextDestroyed()
07-Sep-2020 18:02:13.529 信息 [main] org.apache.catalina.core.ApplicationContext.log ContextListener: contextInitialized()
07-Sep-2020 18:02:13.530 信息 [main] org.apache.catalina.core.ApplicationContext.log SessionListener: contextInitialized()
07-Sep-2020 18:02:13.531 信息 [main] org.apache.catalina.core.ApplicationContext.log ContextListener: attributeAdded('StockTicker', 'async.Stockticker@71ae31b0')
07-Sep-2020 18:02:43.268 信息 [main] org.apache.catalina.core.ApplicationContext.log SessionListener: contextDestroyed()
07-Sep-2020 18:02:43.268 信息 [main] org.apache.catalina.core.ApplicationContext.log ContextListener: contextDestroyed()
07-Sep-2020 18:02:46.373 信息 [main] org.apache.catalina.core.ApplicationContext.log ContextListener: contextInitialized()
07-Sep-2020 18:02:46.373 信息 [main] org.apache.catalina.core.ApplicationContext.log SessionListener: contextInitialized()
07-Sep-2020 18:02:46.374 信息 [main] org.apache.catalina.core.ApplicationContext.log ContextListener: attributeAdded('StockTicker', 'async.Stockticker@58bf8650')
07-Sep-2020 18:04:00.627 信息 [main] org.apache.catalina.core.ApplicationContext.log SessionListener: contextDestroyed()
07-Sep-2020 18:04:00.627 信息 [main] org.apache.catalina.core.ApplicationContext.log ContextListener: contextDestroyed()
07-Sep-2020 18:04:05.817 信息 [main] org.apache.catalina.core.ApplicationContext.log ContextListener: contextInitialized()
07-Sep-2020 18:04:05.817 信息 [main] org.apache.catalina.core.ApplicationContext.log SessionListener: contextInitialized()
07-Sep-2020 18:04:05.818 信息 [main] org.apache.catalina.core.ApplicationContext.log ContextListener: attributeAdded('StockTicker', 'async.Stockticker@58bf8650')
