03-Sep-2020 17:22:05.750 信息 [main] org.apache.catalina.core.ApplicationContext.log ContextListener: contextInitialized()
03-Sep-2020 17:22:05.750 信息 [main] org.apache.catalina.core.ApplicationContext.log SessionListener: contextInitialized()
03-Sep-2020 17:22:05.751 信息 [main] org.apache.catalina.core.ApplicationContext.log ContextListener: attributeAdded('StockTicker', 'async.Stockticker@7adf16aa')
03-Sep-2020 17:45:32.333 信息 [main] org.apache.catalina.core.ApplicationContext.log SessionListener: contextDestroyed()
03-Sep-2020 17:45:32.333 信息 [main] org.apache.catalina.core.ApplicationContext.log ContextListener: contextDestroyed()
03-Sep-2020 17:45:43.635 信息 [main] org.apache.catalina.core.ApplicationContext.log ContextListener: contextInitialized()
03-Sep-2020 17:45:43.635 信息 [main] org.apache.catalina.core.ApplicationContext.log SessionListener: contextInitialized()
03-Sep-2020 17:45:43.636 信息 [main] org.apache.catalina.core.ApplicationContext.log ContextListener: attributeAdded('StockTicker', 'async.Stockticker@58bf8650')
03-Sep-2020 17:46:21.441 信息 [main] org.apache.catalina.core.ApplicationContext.log SessionListener: contextDestroyed()
03-Sep-2020 17:46:21.441 信息 [main] org.apache.catalina.core.ApplicationContext.log ContextListener: contextDestroyed()
03-Sep-2020 17:46:31.444 信息 [main] org.apache.catalina.core.ApplicationContext.log ContextListener: contextInitialized()
03-Sep-2020 17:46:31.444 信息 [main] org.apache.catalina.core.ApplicationContext.log SessionListener: contextInitialized()
03-Sep-2020 17:46:31.445 信息 [main] org.apache.catalina.core.ApplicationContext.log ContextListener: attributeAdded('StockTicker', 'async.Stockticker@58bf8650')
03-Sep-2020 17:46:59.369 信息 [main] org.apache.catalina.core.ApplicationContext.log SessionListener: contextDestroyed()
03-Sep-2020 17:46:59.369 信息 [main] org.apache.catalina.core.ApplicationContext.log ContextListener: contextDestroyed()
03-Sep-2020 17:47:10.354 信息 [main] org.apache.catalina.core.ApplicationContext.log ContextListener: contextInitialized()
03-Sep-2020 17:47:10.354 信息 [main] org.apache.catalina.core.ApplicationContext.log SessionListener: contextInitialized()
03-Sep-2020 17:47:10.355 信息 [main] org.apache.catalina.core.ApplicationContext.log ContextListener: attributeAdded('StockTicker', 'async.Stockticker@71ae31b0')
03-Sep-2020 17:47:49.065 信息 [main] org.apache.catalina.core.ApplicationContext.log SessionListener: contextDestroyed()
03-Sep-2020 17:47:49.065 信息 [main] org.apache.catalina.core.ApplicationContext.log ContextListener: contextDestroyed()
03-Sep-2020 17:48:01.777 信息 [main] org.apache.catalina.core.ApplicationContext.log ContextListener: contextInitialized()
03-Sep-2020 17:48:01.777 信息 [main] org.apache.catalina.core.ApplicationContext.log SessionListener: contextInitialized()
03-Sep-2020 17:48:01.778 信息 [main] org.apache.catalina.core.ApplicationContext.log ContextListener: attributeAdded('StockTicker', 'async.Stockticker@71ae31b0')
03-Sep-2020 17:48:18.442 信息 [main] org.apache.catalina.core.ApplicationContext.log SessionListener: contextDestroyed()
03-Sep-2020 17:48:18.443 信息 [main] org.apache.catalina.core.ApplicationContext.log ContextListener: contextDestroyed()
03-Sep-2020 17:48:21.305 信息 [main] org.apache.catalina.core.ApplicationContext.log ContextListener: contextInitialized()
03-Sep-2020 17:48:21.305 信息 [main] org.apache.catalina.core.ApplicationContext.log SessionListener: contextInitialized()
03-Sep-2020 17:48:21.306 信息 [main] org.apache.catalina.core.ApplicationContext.log ContextListener: attributeAdded('StockTicker', 'async.Stockticker@71ae31b0')
03-Sep-2020 17:48:38.915 信息 [main] org.apache.catalina.core.ApplicationContext.log SessionListener: contextDestroyed()
03-Sep-2020 17:48:38.915 信息 [main] org.apache.catalina.core.ApplicationContext.log ContextListener: contextDestroyed()
03-Sep-2020 17:48:43.572 信息 [main] org.apache.catalina.core.ApplicationContext.log ContextListener: contextInitialized()
03-Sep-2020 17:48:43.572 信息 [main] org.apache.catalina.core.ApplicationContext.log SessionListener: contextInitialized()
03-Sep-2020 17:48:43.573 信息 [main] org.apache.catalina.core.ApplicationContext.log ContextListener: attributeAdded('StockTicker', 'async.Stockticker@58bf8650')
03-Sep-2020 17:48:51.361 信息 [main] org.apache.catalina.core.ApplicationContext.log SessionListener: contextDestroyed()
03-Sep-2020 17:48:51.361 信息 [main] org.apache.catalina.core.ApplicationContext.log ContextListener: contextDestroyed()
03-Sep-2020 17:48:54.823 信息 [main] org.apache.catalina.core.ApplicationContext.log ContextListener: contextInitialized()
03-Sep-2020 17:48:54.824 信息 [main] org.apache.catalina.core.ApplicationContext.log SessionListener: contextInitialized()
03-Sep-2020 17:48:54.825 信息 [main] org.apache.catalina.core.ApplicationContext.log ContextListener: attributeAdded('StockTicker', 'async.Stockticker@71ae31b0')
03-Sep-2020 17:49:02.297 信息 [main] org.apache.catalina.core.ApplicationContext.log SessionListener: contextDestroyed()
03-Sep-2020 17:49:02.297 信息 [main] org.apache.catalina.core.ApplicationContext.log ContextListener: contextDestroyed()
03-Sep-2020 17:51:59.331 信息 [main] org.apache.catalina.core.ApplicationContext.log ContextListener: contextInitialized()
03-Sep-2020 17:51:59.331 信息 [main] org.apache.catalina.core.ApplicationContext.log SessionListener: contextInitialized()
03-Sep-2020 17:51:59.332 信息 [main] org.apache.catalina.core.ApplicationContext.log ContextListener: attributeAdded('StockTicker', 'async.Stockticker@58bf8650')
03-Sep-2020 17:52:21.985 信息 [main] org.apache.catalina.core.ApplicationContext.log SessionListener: contextDestroyed()
03-Sep-2020 17:52:21.986 信息 [main] org.apache.catalina.core.ApplicationContext.log ContextListener: contextDestroyed()
03-Sep-2020 17:52:25.481 信息 [main] org.apache.catalina.core.ApplicationContext.log ContextListener: contextInitialized()
03-Sep-2020 17:52:25.481 信息 [main] org.apache.catalina.core.ApplicationContext.log SessionListener: contextInitialized()
03-Sep-2020 17:52:25.483 信息 [main] org.apache.catalina.core.ApplicationContext.log ContextListener: attributeAdded('StockTicker', 'async.Stockticker@58bf8650')
03-Sep-2020 17:53:54.434 信息 [main] org.apache.catalina.core.ApplicationContext.log SessionListener: contextDestroyed()
03-Sep-2020 17:53:54.434 信息 [main] org.apache.catalina.core.ApplicationContext.log ContextListener: contextDestroyed()
03-Sep-2020 17:53:56.577 信息 [main] org.apache.catalina.core.ApplicationContext.log ContextListener: contextInitialized()
03-Sep-2020 17:53:56.577 信息 [main] org.apache.catalina.core.ApplicationContext.log SessionListener: contextInitialized()
03-Sep-2020 17:53:56.578 信息 [main] org.apache.catalina.core.ApplicationContext.log ContextListener: attributeAdded('StockTicker', 'async.Stockticker@3276732')
03-Sep-2020 17:54:19.180 信息 [main] org.apache.catalina.core.ApplicationContext.log SessionListener: contextDestroyed()
03-Sep-2020 17:54:19.180 信息 [main] org.apache.catalina.core.ApplicationContext.log ContextListener: contextDestroyed()
03-Sep-2020 17:54:27.342 信息 [main] org.apache.catalina.core.ApplicationContext.log ContextListener: contextInitialized()
03-Sep-2020 17:54:27.342 信息 [main] org.apache.catalina.core.ApplicationContext.log SessionListener: contextInitialized()
03-Sep-2020 17:54:27.343 信息 [main] org.apache.catalina.core.ApplicationContext.log ContextListener: attributeAdded('StockTicker', 'async.Stockticker@6731787b')
03-Sep-2020 17:54:40.435 信息 [main] org.apache.catalina.core.ApplicationContext.log SessionListener: contextDestroyed()
03-Sep-2020 17:54:40.435 信息 [main] org.apache.catalina.core.ApplicationContext.log ContextListener: contextDestroyed()
03-Sep-2020 17:57:44.062 信息 [main] org.apache.catalina.core.ApplicationContext.log ContextListener: contextInitialized()
03-Sep-2020 17:57:44.062 信息 [main] org.apache.catalina.core.ApplicationContext.log SessionListener: contextInitialized()
03-Sep-2020 17:57:44.063 信息 [main] org.apache.catalina.core.ApplicationContext.log ContextListener: attributeAdded('StockTicker', 'async.Stockticker@58bf8650')
03-Sep-2020 17:59:12.183 信息 [main] org.apache.catalina.core.ApplicationContext.log SessionListener: contextDestroyed()
03-Sep-2020 17:59:12.183 信息 [main] org.apache.catalina.core.ApplicationContext.log ContextListener: contextDestroyed()
03-Sep-2020 18:00:15.686 信息 [main] org.apache.catalina.core.ApplicationContext.log ContextListener: contextInitialized()
03-Sep-2020 18:00:15.686 信息 [main] org.apache.catalina.core.ApplicationContext.log SessionListener: contextInitialized()
03-Sep-2020 18:00:15.687 信息 [main] org.apache.catalina.core.ApplicationContext.log ContextListener: attributeAdded('StockTicker', 'async.Stockticker@58bf8650')
03-Sep-2020 18:24:27.571 信息 [main] org.apache.catalina.core.ApplicationContext.log SessionListener: contextDestroyed()
03-Sep-2020 18:24:27.571 信息 [main] org.apache.catalina.core.ApplicationContext.log ContextListener: contextDestroyed()
03-Sep-2020 18:24:33.456 信息 [main] org.apache.catalina.core.ApplicationContext.log ContextListener: contextInitialized()
03-Sep-2020 18:24:33.456 信息 [main] org.apache.catalina.core.ApplicationContext.log SessionListener: contextInitialized()
03-Sep-2020 18:24:33.457 信息 [main] org.apache.catalina.core.ApplicationContext.log ContextListener: attributeAdded('StockTicker', 'async.Stockticker@58bf8650')
03-Sep-2020 18:24:56.577 信息 [main] org.apache.catalina.core.ApplicationContext.log SessionListener: contextDestroyed()
03-Sep-2020 18:24:56.577 信息 [main] org.apache.catalina.core.ApplicationContext.log ContextListener: contextDestroyed()
03-Sep-2020 18:25:10.803 信息 [main] org.apache.catalina.core.ApplicationContext.log ContextListener: contextInitialized()
03-Sep-2020 18:25:10.803 信息 [main] org.apache.catalina.core.ApplicationContext.log SessionListener: contextInitialized()
03-Sep-2020 18:25:10.804 信息 [main] org.apache.catalina.core.ApplicationContext.log ContextListener: attributeAdded('StockTicker', 'async.Stockticker@71ae31b0')
03-Sep-2020 18:26:09.589 信息 [main] org.apache.catalina.core.ApplicationContext.log SessionListener: contextDestroyed()
03-Sep-2020 18:26:09.589 信息 [main] org.apache.catalina.core.ApplicationContext.log ContextListener: contextDestroyed()
03-Sep-2020 18:26:11.794 信息 [main] org.apache.catalina.core.ApplicationContext.log ContextListener: contextInitialized()
03-Sep-2020 18:26:11.794 信息 [main] org.apache.catalina.core.ApplicationContext.log SessionListener: contextInitialized()
03-Sep-2020 18:26:11.795 信息 [main] org.apache.catalina.core.ApplicationContext.log ContextListener: attributeAdded('StockTicker', 'async.Stockticker@58bf8650')
